<?xml version="1.0" encoding="UTF-8"?>
<testng-results skipped="0" failed="0" ignored="0" total="1" passed="1">
  <reporter-output>
  </reporter-output>
  <suite name="Suite" duration-ms="98534" started-at="2023-07-13T06:35:11Z" finished-at="2023-07-13T06:36:50Z">
    <groups>
    </groups>
    <test name="Test" duration-ms="98534" started-at="2023-07-13T06:35:11Z" finished-at="2023-07-13T06:36:50Z">
      <class name="Appium.EcommerceAddToCartProduct">
        <test-method status="PASS" signature="ConfigureAppium()[pri:0, instance:Appium.EcommerceAddToCartProduct@17c386de]" name="ConfigureAppium" is-config="true" duration-ms="32990" started-at="2023-07-13T06:35:11Z" finished-at="2023-07-13T06:35:44Z">
          <reporter-output>
          </reporter-output>
        </test-method> <!-- ConfigureAppium -->
        <test-method status="PASS" signature="EcommerceTest()[pri:0, instance:Appium.EcommerceAddToCartProduct@17c386de]" name="EcommerceTest" duration-ms="65510" started-at="2023-07-13T06:35:44Z" finished-at="2023-07-13T06:36:50Z">
          <reporter-output>
          </reporter-output>
        </test-method> <!-- EcommerceTest -->
      </class> <!-- Appium.EcommerceAddToCartProduct -->
    </test> <!-- Test -->
  </suite> <!-- Suite -->
</testng-results>
