<?xml version="1.0" encoding="UTF-8"?>
<testsuite xmlns:xsi="http://www.w3.org/2001/XMLSchema-instance" xsi:noNamespaceSchemaLocation="https://maven.apache.org/surefire/maven-surefire-plugin/xsd/surefire-test-report-3.0.xsd" version="3.0" name="TestSuite" time="100.53" tests="1" errors="0" skipped="0" failures="0">
  <properties>
[...]
</properties>
  <testcase name="EcommerceTest" classname="Appium.EcommerceAddToCartProduct" time="65.734">
    <system-out><![CDATA[[TestNGContentHandler] [WARN] It is strongly recommended to add "<!DOCTYPE suite SYSTEM "http://testng.org/testng-1.0.dtd" >" at the top of your file, otherwise TestNG may fail or not work as expected.
&amp#27;[35m[Appium]&amp#27;[39m Welcome to Appium v2.0.0-rc.3
&amp#27;[35m[Appium]&amp#27;[39m Non-default server args:
&amp#27;[35m[Appium]&amp#27;[39m { address: &amp#27;[32m'127.0.0.1'&amp#27;[39m }
&amp#27;[35m[Appium]&amp#27;[39m Attempting to load driver uiautomator2...
[debug] &amp#27;[35m[Appium]&amp#27;[39m Requiring driver at C:\Users\pmeher\.appium\node_modules\appium-uiautomator2-driver
&amp#27;[35m[Appium]&amp#27;[39m Appium REST http interface listener started on http://127.0.0.1:4723
&amp#27;[35m[Appium]&amp#27;[39m Available drivers:
&amp#27;[35m[Appium]&amp#27;[39m   - uiautomator2@2.29.1 (automationName 'UiAutomator2')
&amp#27;[35m[Appium]&amp#27;[39m No plugins have been installed. Use the "appium plugin" command to install the one(s) you want to use.
&amp#27;[38;5;0m[HTTP]&amp#27;[0m &amp#27;[37m-->&amp#27;[39m &amp#27;[37mGET&amp#27;[39m &amp#27;[37m/status&amp#27;[39m
&amp#27;[38;5;0m[HTTP]&amp#27;[0m &amp#27;[90m{}&amp#27;[39m
[debug] &amp#27;[38;5;16m[AppiumDriver@0b67]&amp#27;[0m Calling AppiumDriver.getStatus() with args: []
[debug] &amp#27;[38;5;16m[AppiumDriver@0b67]&amp#27;[0m Responding to client with driver.getStatus() result: {"build":{"version":"2.0.0-rc.3"}}
&amp#27;[38;5;0m[HTTP]&amp#27;[0m &amp#27;[37m<-- GET /status &amp#27;[39m&amp#27;[32m200&amp#27;[39m &amp#27;[90m8 ms - 44&amp#27;[39m
&amp#27;[38;5;0m[HTTP]&amp#27;[0m &amp#27;[90m&amp#27;[39m
[debug] &amp#27;[38;5;0m[HTTP]&amp#27;[0m Request idempotency key: 50968820-5c9b-4043-bbc9-6fda066b5090
&amp#27;[38;5;0m[HTTP]&amp#27;[0m &amp#27;[37m-->&amp#27;[39m &amp#27;[37mPOST&amp#27;[39m &amp#27;[37m/session&amp#27;[39m
&amp#27;[38;5;0m[HTTP]&amp#27;[0m &amp#27;[90m{"capabilities":{"firstMatch":[{}],"alwaysMatch":{"appium:app":"C:\\Users\\pmeher\\eclipse-workspace\\Appium\\src\\test\\java\\Resources\\mobileApp\\General-Store.apk","appium:automationName":"UIAutomator2","appium:chromedriverExecutable":"C:\\Users\\pmeher\\eclipse-workspace\\Appium\\src\\test\\java\\Resources\\mobileApp\\chromedriver.exe","appium:deviceName":"pratikMobile1","platformName":"ANDROID"}}}&amp#27;[39m
[debug] &amp#27;[38;5;16m[AppiumDriver@0b67]&amp#27;[0m Calling AppiumDriver.createSession() with args: [null,null,{"firstMatch":[{}],"alwaysMatch":{"appium:app":"C:\\Users\\pmeher\\eclipse-workspace\\Appium\\src\\test\\java\\Resources\\mobileApp\\General-Store.apk","appium:automationName":"UIAutomator2","appium:chromedriverExecutable":"C:\\Users\\pmeher\\eclipse-workspace\\Appium\\src\\test\\java\\Resources\\mobileApp\\chromedriver.exe","appium:deviceName":"pratikMobile1","platformName":"ANDROID"}}]
[debug] &amp#27;[38;5;16m[AppiumDriver@0b67]&amp#27;[0m Event 'newSessionRequested' logged at 1689230128816 (12:05:28 GMT+0530 (India Standard Time))
&amp#27;[35m[Appium]&amp#27;[39m Attempting to find matching driver for automationName 'UIAutomator2' and platformName 'ANDROID'
&amp#27;[35m[Appium]&amp#27;[39m The 'uiautomator2' driver was installed and matched caps.
&amp#27;[35m[Appium]&amp#27;[39m Will require it at C:\Users\pmeher\.appium\node_modules\appium-uiautomator2-driver
[debug] &amp#27;[35m[Appium]&amp#27;[39m Requiring driver at C:\Users\pmeher\.appium\node_modules\appium-uiautomator2-driver
&amp#27;[38;5;16m[AppiumDriver@0b67]&amp#27;[0m Appium v2.0.0-rc.3 creating new AndroidUiautomator2Driver (v2.29.1) session
&amp#27;[38;5;16m[AppiumDriver@0b67]&amp#27;[0m Checking BaseDriver versions for Appium and AndroidUiautomator2Driver
&amp#27;[38;5;16m[AppiumDriver@0b67]&amp#27;[0m Appium's BaseDriver version is 9.3.13
&amp#27;[38;5;16m[AppiumDriver@0b67]&amp#27;[0m AndroidUiautomator2Driver's BaseDriver version is 9.3.13
[debug] &amp#27;[38;5;32m[AndroidUiautomator2Driver@ac34]&amp#27;[0m Creating session with W3C capabilities: {
[debug] &amp#27;[38;5;32m[AndroidUiautomator2Driver@ac34]&amp#27;[0m   "alwaysMatch": {
[debug] &amp#27;[38;5;32m[AndroidUiautomator2Driver@ac34]&amp#27;[0m     "platformName": "ANDROID",
[debug] &amp#27;[38;5;32m[AndroidUiautomator2Driver@ac34]&amp#27;[0m     "appium:app": "C:\\Users\\pmeher\\eclipse-workspace\\Appium\\src\\test\\java\\Resources\\mobileApp\\General-Store.apk",
[debug] &amp#27;[38;5;32m[AndroidUiautomator2Driver@ac34]&amp#27;[0m     "appium:automationName": "UIAutomator2",
[debug] &amp#27;[38;5;32m[AndroidUiautomator2Driver@ac34]&amp#27;[0m     "appium:chromedriverExecutable": "C:\\Users\\pmeher\\eclipse-workspace\\Appium\\src\\test\\java\\Resources\\mobileApp\\chromedriver.exe",
[debug] &amp#27;[38;5;32m[AndroidUiautomator2Driver@ac34]&amp#27;[0m     "appium:deviceName": "pratikMobile1"
[debug] &amp#27;[38;5;32m[AndroidUiautomator2Driver@ac34]&amp#27;[0m   },
[debug] &amp#27;[38;5;32m[AndroidUiautomator2Driver@ac34]&amp#27;[0m   "firstMatch": [
[debug] &amp#27;[38;5;32m[AndroidUiautomator2Driver@ac34]&amp#27;[0m     {}
[debug] &amp#27;[38;5;32m[AndroidUiautomator2Driver@ac34]&amp#27;[0m   ]
[debug] &amp#27;[38;5;32m[AndroidUiautomator2Driver@ac34]&amp#27;[0m }
&amp#27;[38;5;32m[AndroidUiautomator2Driver@ac34 (272f0567)]&amp#27;[0m Session created with session id: 272f0567-3958-4807-b49e-f8acda1339e6
&amp#27;[38;5;48m[BaseDriver]&amp#27;[0m Using local app 'C:\Users\pmeher\eclipse-workspace\Appium\src\test\java\Resources\mobileApp\General-Store.apk'
[debug] &amp#27;[38;5;32m[AndroidUiautomator2Driver@ac34 (272f0567)]&amp#27;[0m Checking whether app is actually present
&amp#27;[38;5;64m[ADB]&amp#27;[0m Found 2 'build-tools' folders under 'C:\Users\pmeher\AppData\Local\Android\Sdk' (newest first):
&amp#27;[38;5;64m[ADB]&amp#27;[0m     C:/Users/pmeher/AppData/Local/Android/Sdk/build-tools/34.0.0
&amp#27;[38;5;64m[ADB]&amp#27;[0m     C:/Users/pmeher/AppData/Local/Android/Sdk/build-tools/30.0.3
&amp#27;[38;5;64m[ADB]&amp#27;[0m Using 'adb.exe' from 'C:\Users\pmeher\AppData\Local\Android\Sdk\platform-tools\adb.exe'
[debug] &amp#27;[38;5;64m[ADB]&amp#27;[0m Running 'C:\Users\pmeher\AppData\Local\Android\Sdk\platform-tools\adb.exe -P 5037 start-server'
&amp#27;[38;5;80m[AndroidDriver]&amp#27;[0m Retrieving device list
[debug] &amp#27;[38;5;64m[ADB]&amp#27;[0m Trying to find a connected android device
[debug] &amp#27;[38;5;64m[ADB]&amp#27;[0m Getting connected devices
[debug] &amp#27;[38;5;64m[ADB]&amp#27;[0m Connected devices: [{"udid":"emulator-5554","state":"device"}]
&amp#27;[38;5;80m[AndroidDriver]&amp#27;[0m Using device: emulator-5554
&amp#27;[38;5;64m[ADB]&amp#27;[0m Using 'adb.exe' from 'C:\Users\pmeher\AppData\Local\Android\Sdk\platform-tools\adb.exe'
[debug] &amp#27;[38;5;64m[ADB]&amp#27;[0m Running 'C:\Users\pmeher\AppData\Local\Android\Sdk\platform-tools\adb.exe -P 5037 start-server'
[debug] &amp#27;[38;5;64m[ADB]&amp#27;[0m Setting device id to emulator-5554
[debug] &amp#27;[38;5;64m[ADB]&amp#27;[0m Running 'C:\Users\pmeher\AppData\Local\Android\Sdk\platform-tools\adb.exe -P 5037 -s emulator-5554 shell getprop ro.build.version.sdk'
[debug] &amp#27;[38;5;64m[ADB]&amp#27;[0m Current device property 'ro.build.version.sdk': 30
&amp#27;[38;5;64m[ADB]&amp#27;[0m Getting device platform version
[debug] &amp#27;[38;5;64m[ADB]&amp#27;[0m Running 'C:\Users\pmeher\AppData\Local\Android\Sdk\platform-tools\adb.exe -P 5037 -s emulator-5554 shell getprop ro.build.version.release'
[debug] &amp#27;[38;5;64m[ADB]&amp#27;[0m Current device property 'ro.build.version.release': 11
[debug] &amp#27;[38;5;64m[ADB]&amp#27;[0m Device API level: 30
&amp#27;[38;5;32m[AndroidUiautomator2Driver@ac34 (272f0567)]&amp#27;[0m Relaxing hidden api policy
[debug] &amp#27;[38;5;64m[ADB]&amp#27;[0m Running 'C:\Users\pmeher\AppData\Local\Android\Sdk\platform-tools\adb.exe -P 5037 -s emulator-5554 shell 'settings put global hidden_api_policy_pre_p_apps 1;settings put global hidden_api_policy_p_apps 1;settings put global hidden_api_policy 1''
[debug] &amp#27;[38;5;80m[AndroidDriver]&amp#27;[0m Parsing package and activity from app manifest
&amp#27;[38;5;64m[ADB]&amp#27;[0m Package name: 'com.androidsample.generalstore'
&amp#27;[38;5;64m[ADB]&amp#27;[0m Main activity name: 'com.androidsample.generalstore.SplashActivity'
[debug] &amp#27;[38;5;80m[AndroidDriver]&amp#27;[0m Parsed package and activity are: com.androidsample.generalstore/com.androidsample.generalstore.SplashActivity
[debug] &amp#27;[38;5;64m[ADB]&amp#27;[0m Running 'C:\Users\pmeher\AppData\Local\Android\Sdk\platform-tools\adb.exe -P 5037 -s emulator-5554 wait-for-device'
[debug] &amp#27;[38;5;64m[ADB]&amp#27;[0m Running 'C:\Users\pmeher\AppData\Local\Android\Sdk\platform-tools\adb.exe -P 5037 -s emulator-5554 shell echo ping'
[debug] &amp#27;[38;5;80m[AndroidDriver]&amp#27;[0m Pushing settings apk to device...
[debug] &amp#27;[38;5;64m[ADB]&amp#27;[0m Getting package info for 'io.appium.settings'
[debug] &amp#27;[38;5;64m[ADB]&amp#27;[0m Running 'C:\Users\pmeher\AppData\Local\Android\Sdk\platform-tools\adb.exe -P 5037 -s emulator-5554 shell dumpsys package io.appium.settings'
[debug] &amp#27;[38;5;64m[ADB]&amp#27;[0m The version name of the installed 'io.appium.settings' is greater or equal to the application version name ('5.0.5' >= '5.0.5')
[debug] &amp#27;[38;5;64m[ADB]&amp#27;[0m There is no need to install/upgrade 'C:\Users\pmeher\.appium\node_modules\appium-uiautomator2-driver\node_modules\io.appium.settings\apks\settings_apk-debug.apk'
[debug] &amp#27;[38;5;64m[ADB]&amp#27;[0m Getting IDs of all 'io.appium.settings' processes
[debug] &amp#27;[38;5;64m[ADB]&amp#27;[0m Running 'C:\Users\pmeher\AppData\Local\Android\Sdk\platform-tools\adb.exe -P 5037 -s emulator-5554 shell 'pgrep --help; echo $?''
[debug] &amp#27;[38;5;64m[ADB]&amp#27;[0m Running 'C:\Users\pmeher\AppData\Local\Android\Sdk\platform-tools\adb.exe -P 5037 -s emulator-5554 shell pgrep -f \(\[\[:blank:\]\]\|\^\)io\.appium\.settings\(\[\[:blank:\]\]\|\$\)'
[debug] &amp#27;[38;5;80m[AndroidDriver]&amp#27;[0m io.appium.settings is already running. There is no need to reset its permissions.
[debug] &amp#27;[38;5;96m[Logcat]&amp#27;[0m Starting logs capture with command: C:\\Users\\pmeher\\AppData\\Local\\Android\\Sdk\\platform-tools\\adb.exe -P 5037 -s emulator-5554 logcat -v threadtime
[debug] &amp#27;[38;5;32m[AndroidUiautomator2Driver@ac34 (272f0567)]&amp#27;[0m Forwarding UiAutomator2 Server port 6790 to local port 8201
[debug] &amp#27;[38;5;64m[ADB]&amp#27;[0m Forwarding system: 8201 to device: 6790
[debug] &amp#27;[38;5;64m[ADB]&amp#27;[0m Running 'C:\Users\pmeher\AppData\Local\Android\Sdk\platform-tools\adb.exe -P 5037 -s emulator-5554 forward tcp:8201 tcp:6790'
[debug] &amp#27;[38;5;64m[ADB]&amp#27;[0m Checking app cert for C:\Users\pmeher\.appium\node_modules\appium-uiautomator2-driver\node_modules\appium-uiautomator2-server\apks\appium-uiautomator2-server-v5.12.1.apk
[debug] &amp#27;[38;5;64m[ADB]&amp#27;[0m Checking app cert for C:\Users\pmeher\.appium\node_modules\appium-uiautomator2-driver\node_modules\appium-uiautomator2-server\apks\appium-uiautomator2-server-debug-androidTest.apk
&amp#27;[38;5;64m[ADB]&amp#27;[0m Using 'apksigner.jar' from 'C:\Users\pmeher\AppData\Local\Android\Sdk\build-tools\34.0.0\lib\apksigner.jar'
[debug] &amp#27;[38;5;64m[ADB]&amp#27;[0m Starting apksigner: 'C:\\Program Files\\Java\\jdk1.8.0_111\\bin\\java.exe' -Xmx1024M -Xss1m -jar C:\\Users\\pmeher\\AppData\\Local\\Android\\Sdk\\build-tools\\34.0.0\\lib\\apksigner.jar verify --print-certs C:\\Users\\pmeher\\.appium\\node_modules\\appium-uiautomator2-driver\\node_modules\\appium-uiautomator2-server\\apks\\appium-uiautomator2-server-debug-androidTest.apk
[debug] &amp#27;[38;5;64m[ADB]&amp#27;[0m Starting apksigner: 'C:\\Program Files\\Java\\jdk1.8.0_111\\bin\\java.exe' -Xmx1024M -Xss1m -jar C:\\Users\\pmeher\\AppData\\Local\\Android\\Sdk\\build-tools\\34.0.0\\lib\\apksigner.jar verify --print-certs C:\\Users\\pmeher\\.appium\\node_modules\\appium-uiautomator2-driver\\node_modules\\appium-uiautomator2-server\\apks\\appium-uiautomator2-server-v5.12.1.apk
[debug] &amp#27;[38;5;64m[ADB]&amp#27;[0m apksigner stdout: Signer #1 certificate DN: EMAILADDRESS=android@android.com, CN=Android, OU=Android, O=Android, L=Mountain View, ST=California, C=US
[debug] &amp#27;[38;5;64m[ADB]&amp#27;[0m Signer #1 certificate SHA-256 digest: a40da80a59d170caa950cf15c18c454d47a39b26989d8b640ecd745ba71bf5dc
[debug] &amp#27;[38;5;64m[ADB]&amp#27;[0m Signer #1 certificate SHA-1 digest: 61ed377e85d386a8dfee6b864bd85b0bfaa5af81
[debug] &amp#27;[38;5;64m[ADB]&amp#27;[0m Signer #1 certificate MD5 digest: e89b158e4bcf988ebd09eb83f5378e87
[debug] &amp#27;[38;5;64m[ADB]&amp#27;[0m 
[debug] &amp#27;[38;5;64m[ADB]&amp#27;[0m sha256 hash did match for 'appium-uiautomator2-server-debug-androidTest.apk'
&amp#27;[38;5;64m[ADB]&amp#27;[0m 'C:\Users\pmeher\.appium\node_modules\appium-uiautomator2-driver\node_modules\appium-uiautomator2-server\apks\appium-uiautomator2-server-debug-androidTest.apk' is signed with the default certificate
[debug] &amp#27;[38;5;64m[ADB]&amp#27;[0m Getting install status for io.appium.uiautomator2.server.test
[debug] &amp#27;[38;5;64m[ADB]&amp#27;[0m Running 'C:\Users\pmeher\AppData\Local\Android\Sdk\platform-tools\adb.exe -P 5037 -s emulator-5554 shell pm path io.appium.uiautomator2.server.test'
[debug] &amp#27;[38;5;64m[ADB]&amp#27;[0m 'io.appium.uiautomator2.server.test' is installed
[debug] &amp#27;[38;5;64m[ADB]&amp#27;[0m apksigner stdout: Signer #1 certificate DN: EMAILADDRESS=android@android.com, CN=Android, OU=Android, O=Android, L=Mountain View, ST=California, C=US
[debug] &amp#27;[38;5;64m[ADB]&amp#27;[0m Signer #1 certificate SHA-256 digest: a40da80a59d170caa950cf15c18c454d47a39b26989d8b640ecd745ba71bf5dc
[debug] &amp#27;[38;5;64m[ADB]&amp#27;[0m Signer #1 certificate SHA-1 digest: 61ed377e85d386a8dfee6b864bd85b0bfaa5af81
[debug] &amp#27;[38;5;64m[ADB]&amp#27;[0m Signer #1 certificate MD5 digest: e89b158e4bcf988ebd09eb83f5378e87
[debug] &amp#27;[38;5;64m[ADB]&amp#27;[0m 
[debug] &amp#27;[38;5;64m[ADB]&amp#27;[0m sha256 hash did match for 'appium-uiautomator2-server-v5.12.1.apk'
&amp#27;[38;5;64m[ADB]&amp#27;[0m 'C:\Users\pmeher\.appium\node_modules\appium-uiautomator2-driver\node_modules\appium-uiautomator2-server\apks\appium-uiautomator2-server-v5.12.1.apk' is signed with the default certificate
[debug] &amp#27;[38;5;64m[ADB]&amp#27;[0m Getting package info for 'io.appium.uiautomator2.server'
[debug] &amp#27;[38;5;64m[ADB]&amp#27;[0m Running 'C:\Users\pmeher\AppData\Local\Android\Sdk\platform-tools\adb.exe -P 5037 -s emulator-5554 shell dumpsys package io.appium.uiautomator2.server'
[debug] &amp#27;[38;5;64m[ADB]&amp#27;[0m The version name of the installed 'io.appium.uiautomator2.server' is greater or equal to the application version name ('5.12.1' >= '5.12.1')
[debug] &amp#27;[38;5;32m[AndroidUiautomator2Driver@ac34 (272f0567)]&amp#27;[0m Server packages status: [{"wasSigned":true,"installState":"sameVersionInstalled","appPath":"C:\\Users\\pmeher\\.appium\\node_modules\\appium-uiautomator2-driver\\node_modules\\appium-uiautomator2-server\\apks\\appium-uiautomator2-server-v5.12.1.apk","appId":"io.appium.uiautomator2.server"},{"wasSigned":true,"installState":"sameVersionInstalled","appPath":"C:\\Users\\pmeher\\.appium\\node_modules\\appium-uiautomator2-driver\\node_modules\\appium-uiautomator2-server\\apks\\appium-uiautomator2-server-debug-androidTest.apk","appId":"io.appium.uiautomator2.server.test"}]
&amp#27;[38;5;32m[AndroidUiautomator2Driver@ac34 (272f0567)]&amp#27;[0m Server packages are not going to be (re)installed
[debug] &amp#27;[38;5;32m[AndroidUiautomator2Driver@ac34 (272f0567)]&amp#27;[0m Waiting up to 30000ms for services to be available
[debug] &amp#27;[38;5;64m[ADB]&amp#27;[0m Running 'C:\Users\pmeher\AppData\Local\Android\Sdk\platform-tools\adb.exe -P 5037 -s emulator-5554 shell pm list instrumentation'
[debug] &amp#27;[38;5;32m[AndroidUiautomator2Driver@ac34 (272f0567)]&amp#27;[0m Instrumentation target 'io.appium.uiautomator2.server.test/androidx.test.runner.AndroidJUnitRunner' is available
&amp#27;[38;5;64m[ADB]&amp#27;[0m Adding packages ["io.appium.settings","io.appium.uiautomator2.server","io.appium.uiautomator2.server.test"] to Doze whitelist
[debug] &amp#27;[38;5;64m[ADB]&amp#27;[0m Got the following command chunks to execute: [["dumpsys","deviceidle","whitelist","+io.appium.settings",";","dumpsys","deviceidle","whitelist","+io.appium.uiautomator2.server",";","dumpsys","deviceidle","whitelist","+io.appium.uiautomator2.server.test",";"]]
[debug] &amp#27;[38;5;64m[ADB]&amp#27;[0m Running 'C:\Users\pmeher\AppData\Local\Android\Sdk\platform-tools\adb.exe -P 5037 -s emulator-5554 shell dumpsys deviceidle whitelist +io.appium.settings ; dumpsys deviceidle whitelist +io.appium.uiautomator2.server ; dumpsys deviceidle whitelist +io.appium.uiautomator2.server.test ;'
[debug] &amp#27;[38;5;64m[ADB]&amp#27;[0m Checking app cert for C:\Users\pmeher\eclipse-workspace\Appium\src\test\java\Resources\mobileApp\General-Store.apk
[debug] &amp#27;[38;5;64m[ADB]&amp#27;[0m Starting apksigner: 'C:\\Program Files\\Java\\jdk1.8.0_111\\bin\\java.exe' -Xmx1024M -Xss1m -jar C:\\Users\\pmeher\\AppData\\Local\\Android\\Sdk\\build-tools\\34.0.0\\lib\\apksigner.jar verify --print-certs C:\\Users\\pmeher\\eclipse-workspace\\Appium\\src\\test\\java\\Resources\\mobileApp\\General-Store.apk
[debug] &amp#27;[38;5;64m[ADB]&amp#27;[0m apksigner stdout: Signer #1 certificate DN: EMAILADDRESS=android@android.com, CN=Android, OU=Android, O=Android, L=Mountain View, ST=California, C=US
[debug] &amp#27;[38;5;64m[ADB]&amp#27;[0m Signer #1 certificate SHA-256 digest: a40da80a59d170caa950cf15c18c454d47a39b26989d8b640ecd745ba71bf5dc
[debug] &amp#27;[38;5;64m[ADB]&amp#27;[0m Signer #1 certificate SHA-1 digest: 61ed377e85d386a8dfee6b864bd85b0bfaa5af81
[debug] &amp#27;[38;5;64m[ADB]&amp#27;[0m Signer #1 certificate MD5 digest: e89b158e4bcf988ebd09eb83f5378e87
[debug] &amp#27;[38;5;64m[ADB]&amp#27;[0m 
[debug] &amp#27;[38;5;64m[ADB]&amp#27;[0m sha256 hash did match for 'General-Store.apk'
&amp#27;[38;5;64m[ADB]&amp#27;[0m 'C:\Users\pmeher\eclipse-workspace\Appium\src\test\java\Resources\mobileApp\General-Store.apk' is signed with the default certificate
[debug] &amp#27;[38;5;64m[ADB]&amp#27;[0m Getting package info for 'com.androidsample.generalstore'
[debug] &amp#27;[38;5;64m[ADB]&amp#27;[0m Running 'C:\Users\pmeher\AppData\Local\Android\Sdk\platform-tools\adb.exe -P 5037 -s emulator-5554 shell dumpsys package com.androidsample.generalstore'
[debug] &amp#27;[38;5;64m[ADB]&amp#27;[0m The version name of the installed 'com.androidsample.generalstore' is greater or equal to the application version name ('1.0.0' >= '1.0.0')
[debug] &amp#27;[38;5;64m[ADB]&amp#27;[0m There is no need to install/upgrade 'C:\Users\pmeher\eclipse-workspace\Appium\src\test\java\Resources\mobileApp\General-Store.apk'
&amp#27;[38;5;80m[AndroidDriver]&amp#27;[0m Performing fast reset on 'com.androidsample.generalstore'
[debug] &amp#27;[38;5;64m[ADB]&amp#27;[0m Getting install status for com.androidsample.generalstore
[debug] &amp#27;[38;5;64m[ADB]&amp#27;[0m Running 'C:\Users\pmeher\AppData\Local\Android\Sdk\platform-tools\adb.exe -P 5037 -s emulator-5554 shell pm path com.androidsample.generalstore'
[debug] &amp#27;[38;5;64m[ADB]&amp#27;[0m 'com.androidsample.generalstore' is installed
[debug] &amp#27;[38;5;64m[ADB]&amp#27;[0m Running 'C:\Users\pmeher\AppData\Local\Android\Sdk\platform-tools\adb.exe -P 5037 -s emulator-5554 shell am force-stop com.androidsample.generalstore'
[debug] &amp#27;[38;5;64m[ADB]&amp#27;[0m Running 'C:\Users\pmeher\AppData\Local\Android\Sdk\platform-tools\adb.exe -P 5037 -s emulator-5554 shell pm clear com.androidsample.generalstore'
[debug] &amp#27;[38;5;80m[AndroidDriver]&amp#27;[0m Performed fast reset on the installed 'com.androidsample.generalstore' application (stop and clear)
[debug] &amp#27;[38;5;32m[AndroidUiautomator2Driver@ac34 (272f0567)]&amp#27;[0m Performing shallow cleanup of automation leftovers
[debug] &amp#27;[38;5;32m[AndroidUiautomator2Driver@ac34 (272f0567)]&amp#27;[0m The following obsolete sessions are still running: ["af41ef97-137b-4df4-9cf7-27a4fb897991"]
[debug] &amp#27;[38;5;32m[AndroidUiautomator2Driver@ac34 (272f0567)]&amp#27;[0m Cleaning up 1 obsolete session
[debug] &amp#27;[38;5;64m[ADB]&amp#27;[0m Running 'C:\Users\pmeher\AppData\Local\Android\Sdk\platform-tools\adb.exe -P 5037 -s emulator-5554 shell am force-stop io.appium.uiautomator2.server.test'
&amp#27;[38;5;32m[AndroidUiautomator2Driver@ac34 (272f0567)]&amp#27;[0m Starting UIAutomator2 server 5.12.1
&amp#27;[38;5;32m[AndroidUiautomator2Driver@ac34 (272f0567)]&amp#27;[0m Using UIAutomator2 server from 'C:\Users\pmeher\.appium\node_modules\appium-uiautomator2-driver\node_modules\appium-uiautomator2-server\apks\appium-uiautomator2-server-v5.12.1.apk' and test from 'C:\Users\pmeher\.appium\node_modules\appium-uiautomator2-driver\node_modules\appium-uiautomator2-server\apks\appium-uiautomator2-server-debug-androidTest.apk'
&amp#27;[38;5;32m[AndroidUiautomator2Driver@ac34 (272f0567)]&amp#27;[0m Waiting up to 30000ms for UiAutomator2 to be online...
[debug] &amp#27;[38;5;64m[ADB]&amp#27;[0m Creating ADB subprocess with args: ["-P","5037","-s","emulator-5554","shell","am","instrument","-w","-e","disableAnalytics",true,"io.appium.uiautomator2.server.test/androidx.test.runner.AndroidJUnitRunner"]
[debug] &amp#27;[38;5;32m[AndroidUiautomator2Driver@ac34 (272f0567)]&amp#27;[0m Matched '/status' to command name 'getStatus'
[debug] &amp#27;[38;5;32m[AndroidUiautomator2Driver@ac34 (272f0567)]&amp#27;[0m Proxying [GET /status] to [GET http://127.0.0.1:8201/status] with no body
&amp#27;[38;5;32m[AndroidUiautomator2Driver@ac34 (272f0567)]&amp#27;[0m socket hang up
[debug] &amp#27;[38;5;32m[AndroidUiautomator2Driver@ac34 (272f0567)]&amp#27;[0m Matched '/status' to command name 'getStatus'
[debug] &amp#27;[38;5;32m[AndroidUiautomator2Driver@ac34 (272f0567)]&amp#27;[0m Proxying [GET /status] to [GET http://127.0.0.1:8201/status] with no body
&amp#27;[38;5;32m[AndroidUiautomator2Driver@ac34 (272f0567)]&amp#27;[0m socket hang up
[debug] &amp#27;[38;5;112m[Instrumentation]&amp#27;[0m io.appium.uiautomator2.server.test.AppiumUiAutomator2Server:
[debug] &amp#27;[38;5;32m[AndroidUiautomator2Driver@ac34 (272f0567)]&amp#27;[0m Matched '/status' to command name 'getStatus'
[debug] &amp#27;[38;5;32m[AndroidUiautomator2Driver@ac34 (272f0567)]&amp#27;[0m Proxying [GET /status] to [GET http://127.0.0.1:8201/status] with no body
&amp#27;[38;5;32m[AndroidUiautomator2Driver@ac34 (272f0567)]&amp#27;[0m socket hang up
[debug] &amp#27;[38;5;32m[AndroidUiautomator2Driver@ac34 (272f0567)]&amp#27;[0m Matched '/status' to command name 'getStatus'
[debug] &amp#27;[38;5;32m[AndroidUiautomator2Driver@ac34 (272f0567)]&amp#27;[0m Proxying [GET /status] to [GET http://127.0.0.1:8201/status] with no body
[debug] &amp#27;[38;5;32m[AndroidUiautomator2Driver@ac34 (272f0567)]&amp#27;[0m Got response with status 200: {"sessionId":"None","value":{"message":"UiAutomator2 Server is ready to accept commands","ready":true}}
[debug] &amp#27;[38;5;32m[AndroidUiautomator2Driver@ac34 (272f0567)]&amp#27;[0m The initialization of the instrumentation process took 3313ms
[debug] &amp#27;[38;5;32m[AndroidUiautomator2Driver@ac34 (272f0567)]&amp#27;[0m Matched '/session' to command name 'createSession'
[debug] &amp#27;[38;5;32m[AndroidUiautomator2Driver@ac34 (272f0567)]&amp#27;[0m Proxying [POST /session] to [POST http://127.0.0.1:8201/session] with body: {"capabilities":{"firstMatch":[{"platform":"LINUX","webStorageEnabled":false,"takesScreenshot":true,"javascriptEnabled":true,"databaseEnabled":false,"networkConnectionEnabled":true,"locationContextEnabled":false,"warnings":{},"desired":{"platformName":"ANDROID","app":"C:\\Users\\pmeher\\eclipse-workspace\\Appium\\src\\test\\java\\Resources\\mobileApp\\General-Store.apk","automationName":"UIAutomator2","chromedriverExecutable":"C:\\Users\\pmeher\\eclipse-workspace\\Appium\\src\\test\\java\\Resources\\mobileApp\\chromedriver.exe","deviceName":"pratikMobile1"},"platformName":"ANDROID","app":"C:\\Users\\pmeher\\eclipse-workspace\\Appium\\src\\test\\java\\Resources\\mobileApp\\General-Store.apk","automationName":"UIAutomator2","chromedriverExecutable":"C:\\Users\\pmeher\\eclipse-workspace\\Appium\\src\\test\\java\\Resources\\mobileApp\\chromedriver.exe","deviceName":"emulator-5554","deviceUDID":"emulator-5554","appPackage":"com.androidsample.generalstore"}],"alwaysMatch":{}}}
[debug] &amp#27;[38;5;32m[AndroidUiautomator2Driver@ac34 (272f0567)]&amp#27;[0m Got response with status 200: {"sessionId":"3fe38e8e-7e58-4dfa-9136-fcc54c275211","value":{"capabilities":{"firstMatch":[{"platform":"LINUX","webStorageEnabled":false,"takesScreenshot":true,"javascriptEnabled":true,"databaseEnabled":false,"networkConnectionEnabled":true,"locationContextEnabled":false,"warnings":{},"desired":{"platformName":"ANDROID","app":"C:\\Users\\pmeher\\eclipse-workspace\\Appium\\src\\test\\java\\Resources\\mobileApp\\General-Store.apk","automationName":"UIAutomator2","chromedriverExecutable":"C:\\Users\\pmeher\\eclipse-workspace\\Appium\\src\\test\\java\\Resources\\mobileApp\\chromedriver.exe","deviceName":"pratikMobile1"},"platformName":"ANDROID","app":"C:\\Users\\pmeher\\eclipse-workspace\\Appium\\src\\test\\java\\Resources\\mobileApp\\General-Store.apk","automationName":"UIAutomator2","chromedriverExecutable":"C:\\Users\\pmeher\\eclipse-workspace\\Appium\\src\\test\\java\\Resources\\mobileApp\\chromedriver.exe","deviceName":"emulator-5554","deviceUDID":"emulator-5554","appPackage":"com.androidsample.generalsto...
&amp#27;[38;5;32m[AndroidUiautomator2Driver@ac34 (272f0567)]&amp#27;[0m Determined the downstream protocol as 'W3C'
[debug] &amp#27;[38;5;32m[AndroidUiautomator2Driver@ac34 (272f0567)]&amp#27;[0m Proxying [GET /appium/device/info] to [GET http://127.0.0.1:8201/session/3fe38e8e-7e58-4dfa-9136-fcc54c275211/appium/device/info] with no body
[debug] &amp#27;[38;5;32m[AndroidUiautomator2Driver@ac34 (272f0567)]&amp#27;[0m Got response with status 200: {"sessionId":"3fe38e8e-7e58-4dfa-9136-fcc54c275211","value":{"androidId":"0eebb276adff8a73","apiVersion":"30","bluetooth":{"state":"ON"},"brand":"google","carrierName":"Android","displayDensity":420,"locale":"en_US","manufacturer":"Google","model":"sdk_gphone_x86","networks":[{"capabilities":{"SSID":null,"linkDownBandwidthKbps":141000,"linkUpstreamBandwidthKbps":141000,"networkCapabilities":"NET_CAPABILITY_NOT_METERED,NET_CAPABILITY_INTERNET,NET_CAPABILITY_NOT_RESTRICTED,NET_CAPABILITY_TRUSTED,NET_CAPABILITY_NOT_VPN,NET_CAPABILITY_VALIDATED,NET_CAPABILITY_NOT_ROAMING,NET_CAPABILITY_FOREGROUND,NET_CAPABILITY_NOT_CONGESTED,NET_CAPABILITY_NOT_SUSPENDED","signalStrength":-30,"transportTypes":"TRANSPORT_WIFI"},"detailedState":"CONNECTED","extraInfo":"","isAvailable":true,"isConnected":true,"isFailover":false,"isRoaming":false,"state":"CONNECTED","subtype":0,"subtypeName":"","type":1,"typeName":"WIFI"},{"capabilities":{"SSID":null,"linkDownBandwidthKbps":30000,"linkUpstreamBandwidthKbps":15000,"networkCapabiliti...
[debug] &amp#27;[38;5;64m[ADB]&amp#27;[0m Running 'C:\Users\pmeher\AppData\Local\Android\Sdk\platform-tools\adb.exe -P 5037 -s emulator-5554 shell dumpsys window'
&amp#27;[38;5;80m[AndroidDriver]&amp#27;[0m Screen already unlocked, doing nothing
&amp#27;[38;5;32m[AndroidUiautomator2Driver@ac34 (272f0567)]&amp#27;[0m Starting 'com.androidsample.generalstore/com.androidsample.generalstore.SplashActivity and waiting for 'com.androidsample.generalstore/com.androidsample.generalstore.SplashActivity'
[debug] &amp#27;[38;5;64m[ADB]&amp#27;[0m Running 'C:\Users\pmeher\AppData\Local\Android\Sdk\platform-tools\adb.exe -P 5037 -s emulator-5554 shell am start -W -n com.androidsample.generalstore/com.androidsample.generalstore.SplashActivity -S -a android.intent.action.MAIN -c android.intent.category.LAUNCHER -f 0x10200000'
[debug] &amp#27;[38;5;64m[ADB]&amp#27;[0m Waiting up to 20000ms for activity matching pkg: 'com.androidsample.generalstore' and activity: 'com.androidsample.generalstore.SplashActivity' to be focused
[debug] &amp#27;[38;5;64m[ADB]&amp#27;[0m Possible activities, to be checked: 'com.androidsample.generalstore.SplashActivity', 'com.androidsample.generalstore.com.androidsample.generalstore.SplashActivity'
[debug] &amp#27;[38;5;64m[ADB]&amp#27;[0m Getting focused package and activity
[debug] &amp#27;[38;5;64m[ADB]&amp#27;[0m Running 'C:\Users\pmeher\AppData\Local\Android\Sdk\platform-tools\adb.exe -P 5037 -s emulator-5554 shell dumpsys window displays'
[debug] &amp#27;[38;5;64m[ADB]&amp#27;[0m Found package: 'com.androidsample.generalstore' and fully qualified activity name : 'com.androidsample.generalstore.SplashActivity'
[debug] &amp#27;[38;5;32m[AndroidUiautomator2Driver@ac34 (272f0567)]&amp#27;[0m Proxying [GET /appium/device/pixel_ratio] to [GET http://127.0.0.1:8201/session/3fe38e8e-7e58-4dfa-9136-fcc54c275211/appium/device/pixel_ratio] with no body
[debug] &amp#27;[38;5;32m[AndroidUiautomator2Driver@ac34 (272f0567)]&amp#27;[0m Got response with status 200: {"sessionId":"3fe38e8e-7e58-4dfa-9136-fcc54c275211","value":2.625}
[debug] &amp#27;[38;5;32m[AndroidUiautomator2Driver@ac34 (272f0567)]&amp#27;[0m Matched '/appium/device/system_bars' to command name 'getSystemBars'
[debug] &amp#27;[38;5;32m[AndroidUiautomator2Driver@ac34 (272f0567)]&amp#27;[0m Proxying [GET /appium/device/system_bars] to [GET http://127.0.0.1:8201/session/3fe38e8e-7e58-4dfa-9136-fcc54c275211/appium/device/system_bars] with no body
[debug] &amp#27;[38;5;32m[AndroidUiautomator2Driver@ac34 (272f0567)]&amp#27;[0m Got response with status 200: {"sessionId":"3fe38e8e-7e58-4dfa-9136-fcc54c275211","value":{"statusBar":63}}
[debug] &amp#27;[38;5;32m[AndroidUiautomator2Driver@ac34 (272f0567)]&amp#27;[0m Matched '/window/current/size' to command name 'getWindowSize'
[debug] &amp#27;[38;5;32m[AndroidUiautomator2Driver@ac34 (272f0567)]&amp#27;[0m Proxying [GET /window/current/size] to [GET http://127.0.0.1:8201/session/3fe38e8e-7e58-4dfa-9136-fcc54c275211/window/current/size] with no body
[debug] &amp#27;[38;5;32m[AndroidUiautomator2Driver@ac34 (272f0567)]&amp#27;[0m Got response with status 200: {"sessionId":"3fe38e8e-7e58-4dfa-9136-fcc54c275211","value":{"height":1794,"width":1080}}
&amp#27;[38;5;16m[AppiumDriver@0b67]&amp#27;[0m New AndroidUiautomator2Driver session created successfully, session 272f0567-3958-4807-b49e-f8acda1339e6 added to master session list
[debug] &amp#27;[38;5;16m[AppiumDriver@0b67]&amp#27;[0m Event 'newSessionStarted' logged at 1689230144716 (12:05:44 GMT+0530 (India Standard Time))
[debug] &amp#27;[38;5;32m[AndroidUiautomator2Driver@ac34 (272f0567)]&amp#27;[0m Cached the protocol value 'W3C' for the new session 272f0567-3958-4807-b49e-f8acda1339e6
[debug] &amp#27;[38;5;32m[AndroidUiautomator2Driver@ac34 (272f0567)]&amp#27;[0m Responding to client with driver.createSession() result: {"capabilities":{"platform":"LINUX","webStorageEnabled":false,"takesScreenshot":true,"javascriptEnabled":true,"databaseEnabled":false,"networkConnectionEnabled":true,"locationContextEnabled":false,"warnings":{},"desired":{"platformName":"ANDROID","app":"C:\\Users\\pmeher\\eclipse-workspace\\Appium\\src\\test\\java\\Resources\\mobileApp\\General-Store.apk","automationName":"UIAutomator2","chromedriverExecutable":"C:\\Users\\pmeher\\eclipse-workspace\\Appium\\src\\test\\java\\Resources\\mobileApp\\chromedriver.exe","deviceName":"pratikMobile1"},"platformName":"ANDROID","app":"C:\\Users\\pmeher\\eclipse-workspace\\Appium\\src\\test\\java\\Resources\\mobileApp\\General-Store.apk","automationName":"UIAutomator2","chromedriverExecutable":"C:\\Users\\pmeher\\eclipse-workspace\\Appium\\src\\test\\java\\Resources\\mobileApp\\chromedriver.exe","deviceName":"emulator-5554","deviceUDID":"emulator-5554","appPackage":"com.androidsample.generalstore","deviceApiLevel":30,"platformVersion":"11","deviceScreenSize":"1080x192...
&amp#27;[38;5;0m[HTTP]&amp#27;[0m &amp#27;[37m<-- POST /session &amp#27;[39m&amp#27;[32m200&amp#27;[39m &amp#27;[90m15904 ms - 1273&amp#27;[39m
&amp#27;[38;5;0m[HTTP]&amp#27;[0m &amp#27;[90m&amp#27;[39m
&amp#27;[38;5;0m[HTTP]&amp#27;[0m &amp#27;[37m-->&amp#27;[39m &amp#27;[37mPOST&amp#27;[39m &amp#27;[37m/session/272f0567-3958-4807-b49e-f8acda1339e6/timeouts&amp#27;[39m
&amp#27;[38;5;0m[HTTP]&amp#27;[0m &amp#27;[90m{"implicit":10000}&amp#27;[39m
[debug] &amp#27;[38;5;32m[AndroidUiautomator2Driver@ac34 (272f0567)]&amp#27;[0m Calling AppiumDriver.timeouts() with args: [null,null,null,null,10000,"272f0567-3958-4807-b49e-f8acda1339e6"]
[debug] &amp#27;[38;5;32m[AndroidUiautomator2Driver@ac34 (272f0567)]&amp#27;[0m W3C timeout argument: {"implicit":10000}}
[debug] &amp#27;[38;5;32m[AndroidUiautomator2Driver@ac34 (272f0567)]&amp#27;[0m Set implicit wait to 10000ms
[debug] &amp#27;[38;5;32m[AndroidUiautomator2Driver@ac34 (272f0567)]&amp#27;[0m Responding to client with driver.timeouts() result: null
&amp#27;[38;5;0m[HTTP]&amp#27;[0m &amp#27;[37m<-- POST /session/272f0567-3958-4807-b49e-f8acda1339e6/timeouts &amp#27;[39m&amp#27;[32m200&amp#27;[39m &amp#27;[90m9 ms - 14&amp#27;[39m
&amp#27;[38;5;0m[HTTP]&amp#27;[0m &amp#27;[90m&amp#27;[39m
&amp#27;[38;5;0m[HTTP]&amp#27;[0m &amp#27;[37m-->&amp#27;[39m &amp#27;[37mPOST&amp#27;[39m &amp#27;[37m/session/272f0567-3958-4807-b49e-f8acda1339e6/element&amp#27;[39m
&amp#27;[38;5;0m[HTTP]&amp#27;[0m &amp#27;[90m{"using":"xpath","value":"//android.widget.EditText[@text='Enter name here']"}&amp#27;[39m
[debug] &amp#27;[38;5;32m[AndroidUiautomator2Driver@ac34 (272f0567)]&amp#27;[0m Calling AppiumDriver.findElement() with args: ["xpath","//android.widget.EditText[@text='Enter name here']","272f0567-3958-4807-b49e-f8acda1339e6"]
[debug] &amp#27;[38;5;32m[AndroidUiautomator2Driver@ac34 (272f0567)]&amp#27;[0m Valid locator strategies for this request: xpath, id, class name, accessibility id, css selector, -android uiautomator
[debug] &amp#27;[38;5;32m[AndroidUiautomator2Driver@ac34 (272f0567)]&amp#27;[0m Waiting up to 10000 ms for condition
[debug] &amp#27;[38;5;32m[AndroidUiautomator2Driver@ac34 (272f0567)]&amp#27;[0m Matched '/element' to command name 'findElement'
[debug] &amp#27;[38;5;32m[AndroidUiautomator2Driver@ac34 (272f0567)]&amp#27;[0m Proxying [POST /element] to [POST http://127.0.0.1:8201/session/3fe38e8e-7e58-4dfa-9136-fcc54c275211/element] with body: {"strategy":"xpath","selector":"//android.widget.EditText[@text='Enter name here']","context":"","multiple":false}
&amp#27;[38;5;32m[AndroidUiautomator2Driver@ac34 (272f0567)]&amp#27;[0m Got response with status 404: {"sessionId":"3fe38e8e-7e58-4dfa-9136-fcc54c275211","value":{"error":"no such element","message":"An element could not be located on the page using the given search parameters","stacktrace":"io.appium.uiautomator2.common.exceptions.ElementNotFoundException: An element could not be located on the page using the given search parameters\n\tat io.appium.uiautomator2.utils.ElementLocationHelpers.findElement(ElementLocationHelpers.java:156)\n\tat io.appium.uiautomator2.handler.FindElement.safeHandle(FindElement.java:60)\n\tat io.appium.uiautomator2.handler.request.SafeRequestHandler.handle(SafeRequestHandler.java:59)\n\tat io.appium.uiautomator2.server.AppiumServlet.handleRequest(AppiumServlet.java:277)\n\tat io.appium.uiautomator2.server.AppiumServlet.handleHttpRequest(AppiumServlet.java:271)\n\tat io.appium.uiautomator2.http.ServerHandler.channelRead(ServerHandler.java:68)\n\tat io.netty.channel.AbstractChannelHandlerContext.invokeChannelRead(AbstractChannelHandlerContext.java:366)\n\tat io.netty.channel.Abstr...
[debug] &amp#27;[38;5;128m[W3C]&amp#27;[0m Matched W3C error code 'no such element' to NoSuchElementError
[debug] &amp#27;[38;5;32m[AndroidUiautomator2Driver@ac34 (272f0567)]&amp#27;[0m Waited for 658 ms so far
[debug] &amp#27;[38;5;32m[AndroidUiautomator2Driver@ac34 (272f0567)]&amp#27;[0m Matched '/element' to command name 'findElement'
[debug] &amp#27;[38;5;32m[AndroidUiautomator2Driver@ac34 (272f0567)]&amp#27;[0m Proxying [POST /element] to [POST http://127.0.0.1:8201/session/3fe38e8e-7e58-4dfa-9136-fcc54c275211/element] with body: {"strategy":"xpath","selector":"//android.widget.EditText[@text='Enter name here']","context":"","multiple":false}
&amp#27;[38;5;32m[AndroidUiautomator2Driver@ac34 (272f0567)]&amp#27;[0m Got response with status 404: {"sessionId":"3fe38e8e-7e58-4dfa-9136-fcc54c275211","value":{"error":"no such element","message":"An element could not be located on the page using the given search parameters","stacktrace":"io.appium.uiautomator2.common.exceptions.ElementNotFoundException: An element could not be located on the page using the given search parameters\n\tat io.appium.uiautomator2.utils.ElementLocationHelpers.findElement(ElementLocationHelpers.java:156)\n\tat io.appium.uiautomator2.handler.FindElement.safeHandle(FindElement.java:60)\n\tat io.appium.uiautomator2.handler.request.SafeRequestHandler.handle(SafeRequestHandler.java:59)\n\tat io.appium.uiautomator2.server.AppiumServlet.handleRequest(AppiumServlet.java:277)\n\tat io.appium.uiautomator2.server.AppiumServlet.handleHttpRequest(AppiumServlet.java:271)\n\tat io.appium.uiautomator2.http.ServerHandler.channelRead(ServerHandler.java:68)\n\tat io.netty.channel.AbstractChannelHandlerContext.invokeChannelRead(AbstractChannelHandlerContext.java:366)\n\tat io.netty.channel.Abstr...
[debug] &amp#27;[38;5;128m[W3C]&amp#27;[0m Matched W3C error code 'no such element' to NoSuchElementError
[debug] &amp#27;[38;5;32m[AndroidUiautomator2Driver@ac34 (272f0567)]&amp#27;[0m Waited for 1226 ms so far
[debug] &amp#27;[38;5;32m[AndroidUiautomator2Driver@ac34 (272f0567)]&amp#27;[0m Matched '/element' to command name 'findElement'
[debug] &amp#27;[38;5;32m[AndroidUiautomator2Driver@ac34 (272f0567)]&amp#27;[0m Proxying [POST /element] to [POST http://127.0.0.1:8201/session/3fe38e8e-7e58-4dfa-9136-fcc54c275211/element] with body: {"strategy":"xpath","selector":"//android.widget.EditText[@text='Enter name here']","context":"","multiple":false}
&amp#27;[38;5;32m[AndroidUiautomator2Driver@ac34 (272f0567)]&amp#27;[0m Got response with status 404: {"sessionId":"3fe38e8e-7e58-4dfa-9136-fcc54c275211","value":{"error":"no such element","message":"An element could not be located on the page using the given search parameters","stacktrace":"io.appium.uiautomator2.common.exceptions.ElementNotFoundException: An element could not be located on the page using the given search parameters\n\tat io.appium.uiautomator2.utils.ElementLocationHelpers.findElement(ElementLocationHelpers.java:156)\n\tat io.appium.uiautomator2.handler.FindElement.safeHandle(FindElement.java:60)\n\tat io.appium.uiautomator2.handler.request.SafeRequestHandler.handle(SafeRequestHandler.java:59)\n\tat io.appium.uiautomator2.server.AppiumServlet.handleRequest(AppiumServlet.java:277)\n\tat io.appium.uiautomator2.server.AppiumServlet.handleHttpRequest(AppiumServlet.java:271)\n\tat io.appium.uiautomator2.http.ServerHandler.channelRead(ServerHandler.java:68)\n\tat io.netty.channel.AbstractChannelHandlerContext.invokeChannelRead(AbstractChannelHandlerContext.java:366)\n\tat io.netty.channel.Abstr...
[debug] &amp#27;[38;5;128m[W3C]&amp#27;[0m Matched W3C error code 'no such element' to NoSuchElementError
[debug] &amp#27;[38;5;32m[AndroidUiautomator2Driver@ac34 (272f0567)]&amp#27;[0m Waited for 1769 ms so far
[debug] &amp#27;[38;5;32m[AndroidUiautomator2Driver@ac34 (272f0567)]&amp#27;[0m Matched '/element' to command name 'findElement'
[debug] &amp#27;[38;5;32m[AndroidUiautomator2Driver@ac34 (272f0567)]&amp#27;[0m Proxying [POST /element] to [POST http://127.0.0.1:8201/session/3fe38e8e-7e58-4dfa-9136-fcc54c275211/element] with body: {"strategy":"xpath","selector":"//android.widget.EditText[@text='Enter name here']","context":"","multiple":false}
&amp#27;[38;5;32m[AndroidUiautomator2Driver@ac34 (272f0567)]&amp#27;[0m Got response with status 404: {"sessionId":"3fe38e8e-7e58-4dfa-9136-fcc54c275211","value":{"error":"no such element","message":"An element could not be located on the page using the given search parameters","stacktrace":"io.appium.uiautomator2.common.exceptions.ElementNotFoundException: An element could not be located on the page using the given search parameters\n\tat io.appium.uiautomator2.utils.ElementLocationHelpers.findElement(ElementLocationHelpers.java:156)\n\tat io.appium.uiautomator2.handler.FindElement.safeHandle(FindElement.java:60)\n\tat io.appium.uiautomator2.handler.request.SafeRequestHandler.handle(SafeRequestHandler.java:59)\n\tat io.appium.uiautomator2.server.AppiumServlet.handleRequest(AppiumServlet.java:277)\n\tat io.appium.uiautomator2.server.AppiumServlet.handleHttpRequest(AppiumServlet.java:271)\n\tat io.appium.uiautomator2.http.ServerHandler.channelRead(ServerHandler.java:68)\n\tat io.netty.channel.AbstractChannelHandlerContext.invokeChannelRead(AbstractChannelHandlerContext.java:366)\n\tat io.netty.channel.Abstr...
[debug] &amp#27;[38;5;128m[W3C]&amp#27;[0m Matched W3C error code 'no such element' to NoSuchElementError
[debug] &amp#27;[38;5;32m[AndroidUiautomator2Driver@ac34 (272f0567)]&amp#27;[0m Waited for 2390 ms so far
[debug] &amp#27;[38;5;32m[AndroidUiautomator2Driver@ac34 (272f0567)]&amp#27;[0m Matched '/element' to command name 'findElement'
[debug] &amp#27;[38;5;32m[AndroidUiautomator2Driver@ac34 (272f0567)]&amp#27;[0m Proxying [POST /element] to [POST http://127.0.0.1:8201/session/3fe38e8e-7e58-4dfa-9136-fcc54c275211/element] with body: {"strategy":"xpath","selector":"//android.widget.EditText[@text='Enter name here']","context":"","multiple":false}
[debug] &amp#27;[38;5;32m[AndroidUiautomator2Driver@ac34 (272f0567)]&amp#27;[0m Got response with status 200: {"sessionId":"3fe38e8e-7e58-4dfa-9136-fcc54c275211","value":{"ELEMENT":"00000000-0000-004e-ffff-ffff0000001d","element-6066-11e4-a52e-4f735466cecf":"00000000-0000-004e-ffff-ffff0000001d"}}
[debug] &amp#27;[38;5;32m[AndroidUiautomator2Driver@ac34 (272f0567)]&amp#27;[0m Responding to client with driver.findElement() result: {"element-6066-11e4-a52e-4f735466cecf":"00000000-0000-004e-ffff-ffff0000001d","ELEMENT":"00000000-0000-004e-ffff-ffff0000001d"}
&amp#27;[38;5;0m[HTTP]&amp#27;[0m &amp#27;[37m<-- POST /session/272f0567-3958-4807-b49e-f8acda1339e6/element &amp#27;[39m&amp#27;[32m200&amp#27;[39m &amp#27;[90m3391 ms - 137&amp#27;[39m
&amp#27;[38;5;0m[HTTP]&amp#27;[0m &amp#27;[90m&amp#27;[39m
&amp#27;[38;5;0m[HTTP]&amp#27;[0m &amp#27;[37m-->&amp#27;[39m &amp#27;[37mPOST&amp#27;[39m &amp#27;[37m/session/272f0567-3958-4807-b49e-f8acda1339e6/element/00000000-0000-004e-ffff-ffff0000001d/value&amp#27;[39m
&amp#27;[38;5;0m[HTTP]&amp#27;[0m &amp#27;[90m{"id":"00000000-0000-004e-ffff-ffff0000001d","text":"pratik meher","value":["p","r","a","t","i","k"," ","m","e","h","e","r"]}&amp#27;[39m
[debug] &amp#27;[38;5;32m[AndroidUiautomator2Driver@ac34 (272f0567)]&amp#27;[0m Calling AppiumDriver.setValue() with args: [["p","r","a","t","i","k"," ","m","e","h","e","r"],"00000000-0000-004e-ffff-ffff0000001d","272f0567-3958-4807-b49e-f8acda1339e6"]
[debug] &amp#27;[38;5;32m[AndroidUiautomator2Driver@ac34 (272f0567)]&amp#27;[0m Matched '/element/00000000-0000-004e-ffff-ffff0000001d/value' to command name 'setValue'
[debug] &amp#27;[38;5;32m[AndroidUiautomator2Driver@ac34 (272f0567)]&amp#27;[0m Added 'value' property ["p","r","a","t","i","k"," ","m","e","h","e","r"] to 'setValue' request body
[debug] &amp#27;[38;5;32m[AndroidUiautomator2Driver@ac34 (272f0567)]&amp#27;[0m Proxying [POST /element/00000000-0000-004e-ffff-ffff0000001d/value] to [POST http://127.0.0.1:8201/session/3fe38e8e-7e58-4dfa-9136-fcc54c275211/element/00000000-0000-004e-ffff-ffff0000001d/value] with body: {"elementId":"00000000-0000-004e-ffff-ffff0000001d","text":"pratik meher","replace":false,"value":["p","r","a","t","i","k"," ","m","e","h","e","r"]}
[debug] &amp#27;[38;5;32m[AndroidUiautomator2Driver@ac34 (272f0567)]&amp#27;[0m Got response with status 200: {"sessionId":"3fe38e8e-7e58-4dfa-9136-fcc54c275211","value":null}
[debug] &amp#27;[38;5;32m[AndroidUiautomator2Driver@ac34 (272f0567)]&amp#27;[0m Responding to client with driver.setValue() result: null
&amp#27;[38;5;0m[HTTP]&amp#27;[0m &amp#27;[37m<-- POST /session/272f0567-3958-4807-b49e-f8acda1339e6/element/00000000-0000-004e-ffff-ffff0000001d/value &amp#27;[39m&amp#27;[32m200&amp#27;[39m &amp#27;[90m570 ms - 14&amp#27;[39m
&amp#27;[38;5;0m[HTTP]&amp#27;[0m &amp#27;[90m&amp#27;[39m
&amp#27;[38;5;0m[HTTP]&amp#27;[0m &amp#27;[37m-->&amp#27;[39m &amp#27;[37mPOST&amp#27;[39m &amp#27;[37m/session/272f0567-3958-4807-b49e-f8acda1339e6/element&amp#27;[39m
&amp#27;[38;5;0m[HTTP]&amp#27;[0m &amp#27;[90m{"using":"xpath","value":"//android.widget.RadioButton[@text='Female']"}&amp#27;[39m
[debug] &amp#27;[38;5;32m[AndroidUiautomator2Driver@ac34 (272f0567)]&amp#27;[0m Calling AppiumDriver.findElement() with args: ["xpath","//android.widget.RadioButton[@text='Female']","272f0567-3958-4807-b49e-f8acda1339e6"]
[debug] &amp#27;[38;5;32m[AndroidUiautomator2Driver@ac34 (272f0567)]&amp#27;[0m Valid locator strategies for this request: xpath, id, class name, accessibility id, css selector, -android uiautomator
[debug] &amp#27;[38;5;32m[AndroidUiautomator2Driver@ac34 (272f0567)]&amp#27;[0m Waiting up to 10000 ms for condition
[debug] &amp#27;[38;5;32m[AndroidUiautomator2Driver@ac34 (272f0567)]&amp#27;[0m Matched '/element' to command name 'findElement'
[debug] &amp#27;[38;5;32m[AndroidUiautomator2Driver@ac34 (272f0567)]&amp#27;[0m Proxying [POST /element] to [POST http://127.0.0.1:8201/session/3fe38e8e-7e58-4dfa-9136-fcc54c275211/element] with body: {"strategy":"xpath","selector":"//android.widget.RadioButton[@text='Female']","context":"","multiple":false}
[debug] &amp#27;[38;5;32m[AndroidUiautomator2Driver@ac34 (272f0567)]&amp#27;[0m Got response with status 200: {"sessionId":"3fe38e8e-7e58-4dfa-9136-fcc54c275211","value":{"ELEMENT":"00000000-0000-004e-ffff-ffff00000021","element-6066-11e4-a52e-4f735466cecf":"00000000-0000-004e-ffff-ffff00000021"}}
[debug] &amp#27;[38;5;32m[AndroidUiautomator2Driver@ac34 (272f0567)]&amp#27;[0m Responding to client with driver.findElement() result: {"element-6066-11e4-a52e-4f735466cecf":"00000000-0000-004e-ffff-ffff00000021","ELEMENT":"00000000-0000-004e-ffff-ffff00000021"}
&amp#27;[38;5;0m[HTTP]&amp#27;[0m &amp#27;[37m<-- POST /session/272f0567-3958-4807-b49e-f8acda1339e6/element &amp#27;[39m&amp#27;[32m200&amp#27;[39m &amp#27;[90m561 ms - 137&amp#27;[39m
&amp#27;[38;5;0m[HTTP]&amp#27;[0m &amp#27;[90m&amp#27;[39m
&amp#27;[38;5;0m[HTTP]&amp#27;[0m &amp#27;[37m-->&amp#27;[39m &amp#27;[37mPOST&amp#27;[39m &amp#27;[37m/session/272f0567-3958-4807-b49e-f8acda1339e6/element/00000000-0000-004e-ffff-ffff00000021/click&amp#27;[39m
&amp#27;[38;5;0m[HTTP]&amp#27;[0m &amp#27;[90m{"id":"00000000-0000-004e-ffff-ffff00000021"}&amp#27;[39m
[debug] &amp#27;[38;5;32m[AndroidUiautomator2Driver@ac34 (272f0567)]&amp#27;[0m Calling AppiumDriver.click() with args: ["00000000-0000-004e-ffff-ffff00000021","272f0567-3958-4807-b49e-f8acda1339e6"]
[debug] &amp#27;[38;5;32m[AndroidUiautomator2Driver@ac34 (272f0567)]&amp#27;[0m Matched '/element/00000000-0000-004e-ffff-ffff00000021/click' to command name 'click'
[debug] &amp#27;[38;5;32m[AndroidUiautomator2Driver@ac34 (272f0567)]&amp#27;[0m Proxying [POST /element/00000000-0000-004e-ffff-ffff00000021/click] to [POST http://127.0.0.1:8201/session/3fe38e8e-7e58-4dfa-9136-fcc54c275211/element/00000000-0000-004e-ffff-ffff00000021/click] with body: {"element":"00000000-0000-004e-ffff-ffff00000021"}
[debug] &amp#27;[38;5;32m[AndroidUiautomator2Driver@ac34 (272f0567)]&amp#27;[0m Got response with status 200: {"sessionId":"3fe38e8e-7e58-4dfa-9136-fcc54c275211","value":null}
[debug] &amp#27;[38;5;32m[AndroidUiautomator2Driver@ac34 (272f0567)]&amp#27;[0m Responding to client with driver.click() result: null
&amp#27;[38;5;0m[HTTP]&amp#27;[0m &amp#27;[37m<-- POST /session/272f0567-3958-4807-b49e-f8acda1339e6/element/00000000-0000-004e-ffff-ffff00000021/click &amp#27;[39m&amp#27;[32m200&amp#27;[39m &amp#27;[90m53 ms - 14&amp#27;[39m
&amp#27;[38;5;0m[HTTP]&amp#27;[0m &amp#27;[90m&amp#27;[39m
&amp#27;[38;5;0m[HTTP]&amp#27;[0m &amp#27;[37m-->&amp#27;[39m &amp#27;[37mPOST&amp#27;[39m &amp#27;[37m/session/272f0567-3958-4807-b49e-f8acda1339e6/element&amp#27;[39m
&amp#27;[38;5;0m[HTTP]&amp#27;[0m &amp#27;[90m{"using":"xpath","value":"//android.widget.RadioButton[@text='Male']"}&amp#27;[39m
[debug] &amp#27;[38;5;32m[AndroidUiautomator2Driver@ac34 (272f0567)]&amp#27;[0m Calling AppiumDriver.findElement() with args: ["xpath","//android.widget.RadioButton[@text='Male']","272f0567-3958-4807-b49e-f8acda1339e6"]
[debug] &amp#27;[38;5;32m[AndroidUiautomator2Driver@ac34 (272f0567)]&amp#27;[0m Valid locator strategies for this request: xpath, id, class name, accessibility id, css selector, -android uiautomator
[debug] &amp#27;[38;5;32m[AndroidUiautomator2Driver@ac34 (272f0567)]&amp#27;[0m Waiting up to 10000 ms for condition
[debug] &amp#27;[38;5;32m[AndroidUiautomator2Driver@ac34 (272f0567)]&amp#27;[0m Matched '/element' to command name 'findElement'
[debug] &amp#27;[38;5;32m[AndroidUiautomator2Driver@ac34 (272f0567)]&amp#27;[0m Proxying [POST /element] to [POST http://127.0.0.1:8201/session/3fe38e8e-7e58-4dfa-9136-fcc54c275211/element] with body: {"strategy":"xpath","selector":"//android.widget.RadioButton[@text='Male']","context":"","multiple":false}
[debug] &amp#27;[38;5;32m[AndroidUiautomator2Driver@ac34 (272f0567)]&amp#27;[0m Got response with status 200: {"sessionId":"3fe38e8e-7e58-4dfa-9136-fcc54c275211","value":{"ELEMENT":"00000000-0000-004e-ffff-ffff00000020","element-6066-11e4-a52e-4f735466cecf":"00000000-0000-004e-ffff-ffff00000020"}}
[debug] &amp#27;[38;5;32m[AndroidUiautomator2Driver@ac34 (272f0567)]&amp#27;[0m Responding to client with driver.findElement() result: {"element-6066-11e4-a52e-4f735466cecf":"00000000-0000-004e-ffff-ffff00000020","ELEMENT":"00000000-0000-004e-ffff-ffff00000020"}
&amp#27;[38;5;0m[HTTP]&amp#27;[0m &amp#27;[37m<-- POST /session/272f0567-3958-4807-b49e-f8acda1339e6/element &amp#27;[39m&amp#27;[32m200&amp#27;[39m &amp#27;[90m127 ms - 137&amp#27;[39m
&amp#27;[38;5;0m[HTTP]&amp#27;[0m &amp#27;[90m&amp#27;[39m
&amp#27;[38;5;0m[HTTP]&amp#27;[0m &amp#27;[37m-->&amp#27;[39m &amp#27;[37mPOST&amp#27;[39m &amp#27;[37m/session/272f0567-3958-4807-b49e-f8acda1339e6/element/00000000-0000-004e-ffff-ffff00000020/click&amp#27;[39m
&amp#27;[38;5;0m[HTTP]&amp#27;[0m &amp#27;[90m{"id":"00000000-0000-004e-ffff-ffff00000020"}&amp#27;[39m
[debug] &amp#27;[38;5;32m[AndroidUiautomator2Driver@ac34 (272f0567)]&amp#27;[0m Calling AppiumDriver.click() with args: ["00000000-0000-004e-ffff-ffff00000020","272f0567-3958-4807-b49e-f8acda1339e6"]
[debug] &amp#27;[38;5;32m[AndroidUiautomator2Driver@ac34 (272f0567)]&amp#27;[0m Matched '/element/00000000-0000-004e-ffff-ffff00000020/click' to command name 'click'
[debug] &amp#27;[38;5;32m[AndroidUiautomator2Driver@ac34 (272f0567)]&amp#27;[0m Proxying [POST /element/00000000-0000-004e-ffff-ffff00000020/click] to [POST http://127.0.0.1:8201/session/3fe38e8e-7e58-4dfa-9136-fcc54c275211/element/00000000-0000-004e-ffff-ffff00000020/click] with body: {"element":"00000000-0000-004e-ffff-ffff00000020"}
[debug] &amp#27;[38;5;32m[AndroidUiautomator2Driver@ac34 (272f0567)]&amp#27;[0m Got response with status 200: {"sessionId":"3fe38e8e-7e58-4dfa-9136-fcc54c275211","value":null}
[debug] &amp#27;[38;5;32m[AndroidUiautomator2Driver@ac34 (272f0567)]&amp#27;[0m Responding to client with driver.click() result: null
&amp#27;[38;5;0m[HTTP]&amp#27;[0m &amp#27;[37m<-- POST /session/272f0567-3958-4807-b49e-f8acda1339e6/element/00000000-0000-004e-ffff-ffff00000020/click &amp#27;[39m&amp#27;[32m200&amp#27;[39m &amp#27;[90m519 ms - 14&amp#27;[39m
&amp#27;[38;5;0m[HTTP]&amp#27;[0m &amp#27;[90m&amp#27;[39m
&amp#27;[38;5;0m[HTTP]&amp#27;[0m &amp#27;[37m-->&amp#27;[39m &amp#27;[37mPOST&amp#27;[39m &amp#27;[37m/session/272f0567-3958-4807-b49e-f8acda1339e6/element&amp#27;[39m
&amp#27;[38;5;0m[HTTP]&amp#27;[0m &amp#27;[90m{"using":"-android uiautomator","value":"new UiScrollable(new UiSelector().scrollable(true).instance(0)).scrollIntoView(new UiSelector().text(\"India\").instance(0))"}&amp#27;[39m
[debug] &amp#27;[38;5;32m[AndroidUiautomator2Driver@ac34 (272f0567)]&amp#27;[0m Calling AppiumDriver.findElement() with args: ["-android uiautomator","new UiScrollable(new UiSelector().scrollable(true).instance(0)).scrollIntoView(new UiSelector().text(\"India\").instance(0))","272f0567-3958-4807-b49e-f8acda1339e6"]
[debug] &amp#27;[38;5;32m[AndroidUiautomator2Driver@ac34 (272f0567)]&amp#27;[0m Valid locator strategies for this request: xpath, id, class name, accessibility id, css selector, -android uiautomator
[debug] &amp#27;[38;5;32m[AndroidUiautomator2Driver@ac34 (272f0567)]&amp#27;[0m Waiting up to 10000 ms for condition
[debug] &amp#27;[38;5;32m[AndroidUiautomator2Driver@ac34 (272f0567)]&amp#27;[0m Matched '/element' to command name 'findElement'
[debug] &amp#27;[38;5;32m[AndroidUiautomator2Driver@ac34 (272f0567)]&amp#27;[0m Proxying [POST /element] to [POST http://127.0.0.1:8201/session/3fe38e8e-7e58-4dfa-9136-fcc54c275211/element] with body: {"strategy":"-android uiautomator","selector":"new UiScrollable(new UiSelector().scrollable(true).instance(0)).scrollIntoView(new UiSelector().text(\"India\").instance(0))","context":"","multiple":false}
[debug] &amp#27;[38;5;32m[AndroidUiautomator2Driver@ac34 (272f0567)]&amp#27;[0m Got response with status 200: {"sessionId":"3fe38e8e-7e58-4dfa-9136-fcc54c275211","value":{"ELEMENT":"00000000-0000-004f-ffff-ffff0000002b","element-6066-11e4-a52e-4f735466cecf":"00000000-0000-004f-ffff-ffff0000002b"}}
[debug] &amp#27;[38;5;32m[AndroidUiautomator2Driver@ac34 (272f0567)]&amp#27;[0m Responding to client with driver.findElement() result: {"element-6066-11e4-a52e-4f735466cecf":"00000000-0000-004f-ffff-ffff0000002b","ELEMENT":"00000000-0000-004f-ffff-ffff0000002b"}
&amp#27;[38;5;0m[HTTP]&amp#27;[0m &amp#27;[37m<-- POST /session/272f0567-3958-4807-b49e-f8acda1339e6/element &amp#27;[39m&amp#27;[32m200&amp#27;[39m &amp#27;[90m39214 ms - 137&amp#27;[39m
&amp#27;[38;5;0m[HTTP]&amp#27;[0m &amp#27;[90m&amp#27;[39m
&amp#27;[38;5;0m[HTTP]&amp#27;[0m &amp#27;[37m-->&amp#27;[39m &amp#27;[37mPOST&amp#27;[39m &amp#27;[37m/session/272f0567-3958-4807-b49e-f8acda1339e6/element&amp#27;[39m
&amp#27;[38;5;0m[HTTP]&amp#27;[0m &amp#27;[90m{"using":"xpath","value":"//android.widget.TextView[@text='India']"}&amp#27;[39m
[debug] &amp#27;[38;5;32m[AndroidUiautomator2Driver@ac34 (272f0567)]&amp#27;[0m Calling AppiumDriver.findElement() with args: ["xpath","//android.widget.TextView[@text='India']","272f0567-3958-4807-b49e-f8acda1339e6"]
[debug] &amp#27;[38;5;32m[AndroidUiautomator2Driver@ac34 (272f0567)]&amp#27;[0m Valid locator strategies for this request: xpath, id, class name, accessibility id, css selector, -android uiautomator
[debug] &amp#27;[38;5;32m[AndroidUiautomator2Driver@ac34 (272f0567)]&amp#27;[0m Waiting up to 10000 ms for condition
[debug] &amp#27;[38;5;32m[AndroidUiautomator2Driver@ac34 (272f0567)]&amp#27;[0m Matched '/element' to command name 'findElement'
[debug] &amp#27;[38;5;32m[AndroidUiautomator2Driver@ac34 (272f0567)]&amp#27;[0m Proxying [POST /element] to [POST http://127.0.0.1:8201/session/3fe38e8e-7e58-4dfa-9136-fcc54c275211/element] with body: {"strategy":"xpath","selector":"//android.widget.TextView[@text='India']","context":"","multiple":false}
[debug] &amp#27;[38;5;32m[AndroidUiautomator2Driver@ac34 (272f0567)]&amp#27;[0m Got response with status 200: {"sessionId":"3fe38e8e-7e58-4dfa-9136-fcc54c275211","value":{"ELEMENT":"00000000-0000-004f-ffff-ffff0000002b","element-6066-11e4-a52e-4f735466cecf":"00000000-0000-004f-ffff-ffff0000002b"}}
[debug] &amp#27;[38;5;32m[AndroidUiautomator2Driver@ac34 (272f0567)]&amp#27;[0m Responding to client with driver.findElement() result: {"element-6066-11e4-a52e-4f735466cecf":"00000000-0000-004f-ffff-ffff0000002b","ELEMENT":"00000000-0000-004f-ffff-ffff0000002b"}
&amp#27;[38;5;0m[HTTP]&amp#27;[0m &amp#27;[37m<-- POST /session/272f0567-3958-4807-b49e-f8acda1339e6/element &amp#27;[39m&amp#27;[32m200&amp#27;[39m &amp#27;[90m98 ms - 137&amp#27;[39m
&amp#27;[38;5;0m[HTTP]&amp#27;[0m &amp#27;[90m&amp#27;[39m
&amp#27;[38;5;0m[HTTP]&amp#27;[0m &amp#27;[37m-->&amp#27;[39m &amp#27;[37mPOST&amp#27;[39m &amp#27;[37m/session/272f0567-3958-4807-b49e-f8acda1339e6/element/00000000-0000-004f-ffff-ffff0000002b/click&amp#27;[39m
&amp#27;[38;5;0m[HTTP]&amp#27;[0m &amp#27;[90m{"id":"00000000-0000-004f-ffff-ffff0000002b"}&amp#27;[39m
[debug] &amp#27;[38;5;32m[AndroidUiautomator2Driver@ac34 (272f0567)]&amp#27;[0m Calling AppiumDriver.click() with args: ["00000000-0000-004f-ffff-ffff0000002b","272f0567-3958-4807-b49e-f8acda1339e6"]
[debug] &amp#27;[38;5;32m[AndroidUiautomator2Driver@ac34 (272f0567)]&amp#27;[0m Matched '/element/00000000-0000-004f-ffff-ffff0000002b/click' to command name 'click'
[debug] &amp#27;[38;5;32m[AndroidUiautomator2Driver@ac34 (272f0567)]&amp#27;[0m Proxying [POST /element/00000000-0000-004f-ffff-ffff0000002b/click] to [POST http://127.0.0.1:8201/session/3fe38e8e-7e58-4dfa-9136-fcc54c275211/element/00000000-0000-004f-ffff-ffff0000002b/click] with body: {"element":"00000000-0000-004f-ffff-ffff0000002b"}
[debug] &amp#27;[38;5;32m[AndroidUiautomator2Driver@ac34 (272f0567)]&amp#27;[0m Got response with status 200: {"sessionId":"3fe38e8e-7e58-4dfa-9136-fcc54c275211","value":null}
[debug] &amp#27;[38;5;32m[AndroidUiautomator2Driver@ac34 (272f0567)]&amp#27;[0m Responding to client with driver.click() result: null
&amp#27;[38;5;0m[HTTP]&amp#27;[0m &amp#27;[37m<-- POST /session/272f0567-3958-4807-b49e-f8acda1339e6/element/00000000-0000-004f-ffff-ffff0000002b/click &amp#27;[39m&amp#27;[32m200&amp#27;[39m &amp#27;[90m711 ms - 14&amp#27;[39m
&amp#27;[38;5;0m[HTTP]&amp#27;[0m &amp#27;[90m&amp#27;[39m
&amp#27;[38;5;0m[HTTP]&amp#27;[0m &amp#27;[37m-->&amp#27;[39m &amp#27;[37mPOST&amp#27;[39m &amp#27;[37m/session/272f0567-3958-4807-b49e-f8acda1339e6/element&amp#27;[39m
&amp#27;[38;5;0m[HTTP]&amp#27;[0m &amp#27;[90m{"using":"xpath","value":"//android.widget.Button[@index='6']"}&amp#27;[39m
[debug] &amp#27;[38;5;32m[AndroidUiautomator2Driver@ac34 (272f0567)]&amp#27;[0m Calling AppiumDriver.findElement() with args: ["xpath","//android.widget.Button[@index='6']","272f0567-3958-4807-b49e-f8acda1339e6"]
[debug] &amp#27;[38;5;32m[AndroidUiautomator2Driver@ac34 (272f0567)]&amp#27;[0m Valid locator strategies for this request: xpath, id, class name, accessibility id, css selector, -android uiautomator
[debug] &amp#27;[38;5;32m[AndroidUiautomator2Driver@ac34 (272f0567)]&amp#27;[0m Waiting up to 10000 ms for condition
[debug] &amp#27;[38;5;32m[AndroidUiautomator2Driver@ac34 (272f0567)]&amp#27;[0m Matched '/element' to command name 'findElement'
[debug] &amp#27;[38;5;32m[AndroidUiautomator2Driver@ac34 (272f0567)]&amp#27;[0m Proxying [POST /element] to [POST http://127.0.0.1:8201/session/3fe38e8e-7e58-4dfa-9136-fcc54c275211/element] with body: {"strategy":"xpath","selector":"//android.widget.Button[@index='6']","context":"","multiple":false}
[debug] &amp#27;[38;5;32m[AndroidUiautomator2Driver@ac34 (272f0567)]&amp#27;[0m Got response with status 200: {"sessionId":"3fe38e8e-7e58-4dfa-9136-fcc54c275211","value":{"ELEMENT":"00000000-0000-004e-ffff-ffff00000022","element-6066-11e4-a52e-4f735466cecf":"00000000-0000-004e-ffff-ffff00000022"}}
[debug] &amp#27;[38;5;32m[AndroidUiautomator2Driver@ac34 (272f0567)]&amp#27;[0m Responding to client with driver.findElement() result: {"element-6066-11e4-a52e-4f735466cecf":"00000000-0000-004e-ffff-ffff00000022","ELEMENT":"00000000-0000-004e-ffff-ffff00000022"}
&amp#27;[38;5;0m[HTTP]&amp#27;[0m &amp#27;[37m<-- POST /session/272f0567-3958-4807-b49e-f8acda1339e6/element &amp#27;[39m&amp#27;[32m200&amp#27;[39m &amp#27;[90m40 ms - 137&amp#27;[39m
&amp#27;[38;5;0m[HTTP]&amp#27;[0m &amp#27;[90m&amp#27;[39m
&amp#27;[38;5;0m[HTTP]&amp#27;[0m &amp#27;[37m-->&amp#27;[39m &amp#27;[37mPOST&amp#27;[39m &amp#27;[37m/session/272f0567-3958-4807-b49e-f8acda1339e6/element/00000000-0000-004e-ffff-ffff00000022/click&amp#27;[39m
&amp#27;[38;5;0m[HTTP]&amp#27;[0m &amp#27;[90m{"id":"00000000-0000-004e-ffff-ffff00000022"}&amp#27;[39m
[debug] &amp#27;[38;5;32m[AndroidUiautomator2Driver@ac34 (272f0567)]&amp#27;[0m Calling AppiumDriver.click() with args: ["00000000-0000-004e-ffff-ffff00000022","272f0567-3958-4807-b49e-f8acda1339e6"]
[debug] &amp#27;[38;5;32m[AndroidUiautomator2Driver@ac34 (272f0567)]&amp#27;[0m Matched '/element/00000000-0000-004e-ffff-ffff00000022/click' to command name 'click'
[debug] &amp#27;[38;5;32m[AndroidUiautomator2Driver@ac34 (272f0567)]&amp#27;[0m Proxying [POST /element/00000000-0000-004e-ffff-ffff00000022/click] to [POST http://127.0.0.1:8201/session/3fe38e8e-7e58-4dfa-9136-fcc54c275211/element/00000000-0000-004e-ffff-ffff00000022/click] with body: {"element":"00000000-0000-004e-ffff-ffff00000022"}
[debug] &amp#27;[38;5;32m[AndroidUiautomator2Driver@ac34 (272f0567)]&amp#27;[0m Got response with status 200: {"sessionId":"3fe38e8e-7e58-4dfa-9136-fcc54c275211","value":null}
[debug] &amp#27;[38;5;32m[AndroidUiautomator2Driver@ac34 (272f0567)]&amp#27;[0m Responding to client with driver.click() result: null
&amp#27;[38;5;0m[HTTP]&amp#27;[0m &amp#27;[37m<-- POST /session/272f0567-3958-4807-b49e-f8acda1339e6/element/00000000-0000-004e-ffff-ffff00000022/click &amp#27;[39m&amp#27;[32m200&amp#27;[39m &amp#27;[90m62 ms - 14&amp#27;[39m
&amp#27;[38;5;0m[HTTP]&amp#27;[0m &amp#27;[90m&amp#27;[39m
&amp#27;[38;5;0m[HTTP]&amp#27;[0m &amp#27;[37m-->&amp#27;[39m &amp#27;[37mPOST&amp#27;[39m &amp#27;[37m/session/272f0567-3958-4807-b49e-f8acda1339e6/element&amp#27;[39m
&amp#27;[38;5;0m[HTTP]&amp#27;[0m &amp#27;[90m{"using":"-android uiautomator","value":"new UiScrollable(new UiSelector().scrollable(true).instance(0)).scrollIntoView(new UiSelector().text(\"PG 3\").instance(0))"}&amp#27;[39m
[debug] &amp#27;[38;5;32m[AndroidUiautomator2Driver@ac34 (272f0567)]&amp#27;[0m Calling AppiumDriver.findElement() with args: ["-android uiautomator","new UiScrollable(new UiSelector().scrollable(true).instance(0)).scrollIntoView(new UiSelector().text(\"PG 3\").instance(0))","272f0567-3958-4807-b49e-f8acda1339e6"]
[debug] &amp#27;[38;5;32m[AndroidUiautomator2Driver@ac34 (272f0567)]&amp#27;[0m Valid locator strategies for this request: xpath, id, class name, accessibility id, css selector, -android uiautomator
[debug] &amp#27;[38;5;32m[AndroidUiautomator2Driver@ac34 (272f0567)]&amp#27;[0m Waiting up to 10000 ms for condition
[debug] &amp#27;[38;5;32m[AndroidUiautomator2Driver@ac34 (272f0567)]&amp#27;[0m Matched '/element' to command name 'findElement'
[debug] &amp#27;[38;5;32m[AndroidUiautomator2Driver@ac34 (272f0567)]&amp#27;[0m Proxying [POST /element] to [POST http://127.0.0.1:8201/session/3fe38e8e-7e58-4dfa-9136-fcc54c275211/element] with body: {"strategy":"-android uiautomator","selector":"new UiScrollable(new UiSelector().scrollable(true).instance(0)).scrollIntoView(new UiSelector().text(\"PG 3\").instance(0))","context":"","multiple":false}
[debug] &amp#27;[38;5;32m[AndroidUiautomator2Driver@ac34 (272f0567)]&amp#27;[0m Got response with status 200: {"sessionId":"3fe38e8e-7e58-4dfa-9136-fcc54c275211","value":{"ELEMENT":"00000000-0000-0050-ffff-ffff00000055","element-6066-11e4-a52e-4f735466cecf":"00000000-0000-0050-ffff-ffff00000055"}}
[debug] &amp#27;[38;5;32m[AndroidUiautomator2Driver@ac34 (272f0567)]&amp#27;[0m Responding to client with driver.findElement() result: {"element-6066-11e4-a52e-4f735466cecf":"00000000-0000-0050-ffff-ffff00000055","ELEMENT":"00000000-0000-0050-ffff-ffff00000055"}
&amp#27;[38;5;0m[HTTP]&amp#27;[0m &amp#27;[37m<-- POST /session/272f0567-3958-4807-b49e-f8acda1339e6/element &amp#27;[39m&amp#27;[32m200&amp#27;[39m &amp#27;[90m12947 ms - 137&amp#27;[39m
&amp#27;[38;5;0m[HTTP]&amp#27;[0m &amp#27;[90m&amp#27;[39m
&amp#27;[38;5;0m[HTTP]&amp#27;[0m &amp#27;[37m-->&amp#27;[39m &amp#27;[37mPOST&amp#27;[39m &amp#27;[37m/session/272f0567-3958-4807-b49e-f8acda1339e6/elements&amp#27;[39m
&amp#27;[38;5;0m[HTTP]&amp#27;[0m &amp#27;[90m{"using":"id","value":"com.androidsample.generalstore:id/productName"}&amp#27;[39m
[debug] &amp#27;[38;5;32m[AndroidUiautomator2Driver@ac34 (272f0567)]&amp#27;[0m Calling AppiumDriver.findElements() with args: ["id","com.androidsample.generalstore:id/productName","272f0567-3958-4807-b49e-f8acda1339e6"]
[debug] &amp#27;[38;5;32m[AndroidUiautomator2Driver@ac34 (272f0567)]&amp#27;[0m Valid locator strategies for this request: xpath, id, class name, accessibility id, css selector, -android uiautomator
[debug] &amp#27;[38;5;32m[AndroidUiautomator2Driver@ac34 (272f0567)]&amp#27;[0m Waiting up to 10000 ms for condition
[debug] &amp#27;[38;5;32m[AndroidUiautomator2Driver@ac34 (272f0567)]&amp#27;[0m Matched '/elements' to command name 'findElements'
[debug] &amp#27;[38;5;32m[AndroidUiautomator2Driver@ac34 (272f0567)]&amp#27;[0m Proxying [POST /elements] to [POST http://127.0.0.1:8201/session/3fe38e8e-7e58-4dfa-9136-fcc54c275211/elements] with body: {"strategy":"id","selector":"com.androidsample.generalstore:id/productName","context":"","multiple":true}
[debug] &amp#27;[38;5;32m[AndroidUiautomator2Driver@ac34 (272f0567)]&amp#27;[0m Got response with status 200: {"sessionId":"3fe38e8e-7e58-4dfa-9136-fcc54c275211","value":[{"ELEMENT":"00000000-0000-0050-ffff-ffff00000055","element-6066-11e4-a52e-4f735466cecf":"00000000-0000-0050-ffff-ffff00000055"},{"ELEMENT":"00000000-0000-0050-ffff-ffff0000005d","element-6066-11e4-a52e-4f735466cecf":"00000000-0000-0050-ffff-ffff0000005d"}]}
[debug] &amp#27;[38;5;32m[AndroidUiautomator2Driver@ac34 (272f0567)]&amp#27;[0m Responding to client with driver.findElements() result: [{"element-6066-11e4-a52e-4f735466cecf":"00000000-0000-0050-ffff-ffff00000055","ELEMENT":"00000000-0000-0050-ffff-ffff00000055"},{"element-6066-11e4-a52e-4f735466cecf":"00000000-0000-0050-ffff-ffff0000005d","ELEMENT":"00000000-0000-0050-ffff-ffff0000005d"}]
&amp#27;[38;5;0m[HTTP]&amp#27;[0m &amp#27;[37m<-- POST /session/272f0567-3958-4807-b49e-f8acda1339e6/elements &amp#27;[39m&amp#27;[32m200&amp#27;[39m &amp#27;[90m41 ms - 267&amp#27;[39m
&amp#27;[38;5;0m[HTTP]&amp#27;[0m &amp#27;[90m&amp#27;[39m
&amp#27;[38;5;0m[HTTP]&amp#27;[0m &amp#27;[37m-->&amp#27;[39m &amp#27;[37mPOST&amp#27;[39m &amp#27;[37m/session/272f0567-3958-4807-b49e-f8acda1339e6/elements&amp#27;[39m
&amp#27;[38;5;0m[HTTP]&amp#27;[0m &amp#27;[90m{"using":"id","value":"com.androidsample.generalstore:id/productName"}&amp#27;[39m
[debug] &amp#27;[38;5;32m[AndroidUiautomator2Driver@ac34 (272f0567)]&amp#27;[0m Calling AppiumDriver.findElements() with args: ["id","com.androidsample.generalstore:id/productName","272f0567-3958-4807-b49e-f8acda1339e6"]
[debug] &amp#27;[38;5;32m[AndroidUiautomator2Driver@ac34 (272f0567)]&amp#27;[0m Valid locator strategies for this request: xpath, id, class name, accessibility id, css selector, -android uiautomator
[debug] &amp#27;[38;5;32m[AndroidUiautomator2Driver@ac34 (272f0567)]&amp#27;[0m Waiting up to 10000 ms for condition
[debug] &amp#27;[38;5;32m[AndroidUiautomator2Driver@ac34 (272f0567)]&amp#27;[0m Matched '/elements' to command name 'findElements'
[debug] &amp#27;[38;5;32m[AndroidUiautomator2Driver@ac34 (272f0567)]&amp#27;[0m Proxying [POST /elements] to [POST http://127.0.0.1:8201/session/3fe38e8e-7e58-4dfa-9136-fcc54c275211/elements] with body: {"strategy":"id","selector":"com.androidsample.generalstore:id/productName","context":"","multiple":true}
[debug] &amp#27;[38;5;32m[AndroidUiautomator2Driver@ac34 (272f0567)]&amp#27;[0m Got response with status 200: {"sessionId":"3fe38e8e-7e58-4dfa-9136-fcc54c275211","value":[{"ELEMENT":"00000000-0000-0050-ffff-ffff00000055","element-6066-11e4-a52e-4f735466cecf":"00000000-0000-0050-ffff-ffff00000055"},{"ELEMENT":"00000000-0000-0050-ffff-ffff0000005d","element-6066-11e4-a52e-4f735466cecf":"00000000-0000-0050-ffff-ffff0000005d"}]}
[debug] &amp#27;[38;5;32m[AndroidUiautomator2Driver@ac34 (272f0567)]&amp#27;[0m Responding to client with driver.findElements() result: [{"element-6066-11e4-a52e-4f735466cecf":"00000000-0000-0050-ffff-ffff00000055","ELEMENT":"00000000-0000-0050-ffff-ffff00000055"},{"element-6066-11e4-a52e-4f735466cecf":"00000000-0000-0050-ffff-ffff0000005d","ELEMENT":"00000000-0000-0050-ffff-ffff0000005d"}]
&amp#27;[38;5;0m[HTTP]&amp#27;[0m &amp#27;[37m<-- POST /session/272f0567-3958-4807-b49e-f8acda1339e6/elements &amp#27;[39m&amp#27;[32m200&amp#27;[39m &amp#27;[90m61 ms - 267&amp#27;[39m
&amp#27;[38;5;0m[HTTP]&amp#27;[0m &amp#27;[90m&amp#27;[39m
&amp#27;[38;5;0m[HTTP]&amp#27;[0m &amp#27;[37m-->&amp#27;[39m &amp#27;[37mGET&amp#27;[39m &amp#27;[37m/session/272f0567-3958-4807-b49e-f8acda1339e6/element/00000000-0000-0050-ffff-ffff00000055/text&amp#27;[39m
&amp#27;[38;5;0m[HTTP]&amp#27;[0m &amp#27;[90m{}&amp#27;[39m
&amp#27;[38;5;32m[AndroidUiautomator2Driver@ac34 (272f0567)]&amp#27;[0m Driver proxy active, passing request on via HTTP proxy
[debug] &amp#27;[38;5;32m[AndroidUiautomator2Driver@ac34 (272f0567)]&amp#27;[0m Matched '/session/272f0567-3958-4807-b49e-f8acda1339e6/element/00000000-0000-0050-ffff-ffff00000055/text' to command name 'getText'
[debug] &amp#27;[38;5;32m[AndroidUiautomator2Driver@ac34 (272f0567)]&amp#27;[0m Proxying [GET /session/272f0567-3958-4807-b49e-f8acda1339e6/element/00000000-0000-0050-ffff-ffff00000055/text] to [GET http://127.0.0.1:8201/session/3fe38e8e-7e58-4dfa-9136-fcc54c275211/element/00000000-0000-0050-ffff-ffff00000055/text] with no body
[debug] &amp#27;[38;5;32m[AndroidUiautomator2Driver@ac34 (272f0567)]&amp#27;[0m Got response with status 200: {"sessionId":"3fe38e8e-7e58-4dfa-9136-fcc54c275211","value":"PG 3"}
&amp#27;[38;5;32m[AndroidUiautomator2Driver@ac34 (272f0567)]&amp#27;[0m Replacing sessionId 3fe38e8e-7e58-4dfa-9136-fcc54c275211 with 272f0567-3958-4807-b49e-f8acda1339e6
&amp#27;[38;5;0m[HTTP]&amp#27;[0m &amp#27;[37m<-- GET /session/272f0567-3958-4807-b49e-f8acda1339e6/element/00000000-0000-0050-ffff-ffff00000055/text &amp#27;[39m&amp#27;[32m200&amp#27;[39m &amp#27;[90m30 ms - 67&amp#27;[39m
&amp#27;[38;5;0m[HTTP]&amp#27;[0m &amp#27;[90m&amp#27;[39m
&amp#27;[38;5;0m[HTTP]&amp#27;[0m &amp#27;[37m-->&amp#27;[39m &amp#27;[37mPOST&amp#27;[39m &amp#27;[37m/session/272f0567-3958-4807-b49e-f8acda1339e6/elements&amp#27;[39m
&amp#27;[38;5;0m[HTTP]&amp#27;[0m &amp#27;[90m{"using":"id","value":"com.androidsample.generalstore:id/productAddCart"}&amp#27;[39m
[debug] &amp#27;[38;5;32m[AndroidUiautomator2Driver@ac34 (272f0567)]&amp#27;[0m Calling AppiumDriver.findElements() with args: ["id","com.androidsample.generalstore:id/productAddCart","272f0567-3958-4807-b49e-f8acda1339e6"]
[debug] &amp#27;[38;5;32m[AndroidUiautomator2Driver@ac34 (272f0567)]&amp#27;[0m Valid locator strategies for this request: xpath, id, class name, accessibility id, css selector, -android uiautomator
[debug] &amp#27;[38;5;32m[AndroidUiautomator2Driver@ac34 (272f0567)]&amp#27;[0m Waiting up to 10000 ms for condition
[debug] &amp#27;[38;5;32m[AndroidUiautomator2Driver@ac34 (272f0567)]&amp#27;[0m Matched '/elements' to command name 'findElements'
[debug] &amp#27;[38;5;32m[AndroidUiautomator2Driver@ac34 (272f0567)]&amp#27;[0m Proxying [POST /elements] to [POST http://127.0.0.1:8201/session/3fe38e8e-7e58-4dfa-9136-fcc54c275211/elements] with body: {"strategy":"id","selector":"com.androidsample.generalstore:id/productAddCart","context":"","multiple":true}
[debug] &amp#27;[38;5;32m[AndroidUiautomator2Driver@ac34 (272f0567)]&amp#27;[0m Got response with status 200: {"sessionId":"3fe38e8e-7e58-4dfa-9136-fcc54c275211","value":[{"ELEMENT":"00000000-0000-0050-ffff-ffff00000059","element-6066-11e4-a52e-4f735466cecf":"00000000-0000-0050-ffff-ffff00000059"},{"ELEMENT":"00000000-0000-0050-ffff-ffff00000061","element-6066-11e4-a52e-4f735466cecf":"00000000-0000-0050-ffff-ffff00000061"}]}
[debug] &amp#27;[38;5;32m[AndroidUiautomator2Driver@ac34 (272f0567)]&amp#27;[0m Responding to client with driver.findElements() result: [{"element-6066-11e4-a52e-4f735466cecf":"00000000-0000-0050-ffff-ffff00000059","ELEMENT":"00000000-0000-0050-ffff-ffff00000059"},{"element-6066-11e4-a52e-4f735466cecf":"00000000-0000-0050-ffff-ffff00000061","ELEMENT":"00000000-0000-0050-ffff-ffff00000061"}]
&amp#27;[38;5;0m[HTTP]&amp#27;[0m &amp#27;[37m<-- POST /session/272f0567-3958-4807-b49e-f8acda1339e6/elements &amp#27;[39m&amp#27;[32m200&amp#27;[39m &amp#27;[90m66 ms - 267&amp#27;[39m
&amp#27;[38;5;0m[HTTP]&amp#27;[0m &amp#27;[90m&amp#27;[39m
&amp#27;[38;5;0m[HTTP]&amp#27;[0m &amp#27;[37m-->&amp#27;[39m &amp#27;[37mPOST&amp#27;[39m &amp#27;[37m/session/272f0567-3958-4807-b49e-f8acda1339e6/element/00000000-0000-0050-ffff-ffff00000059/click&amp#27;[39m
&amp#27;[38;5;0m[HTTP]&amp#27;[0m &amp#27;[90m{"id":"00000000-0000-0050-ffff-ffff00000059"}&amp#27;[39m
[debug] &amp#27;[38;5;32m[AndroidUiautomator2Driver@ac34 (272f0567)]&amp#27;[0m Calling AppiumDriver.click() with args: ["00000000-0000-0050-ffff-ffff00000059","272f0567-3958-4807-b49e-f8acda1339e6"]
[debug] &amp#27;[38;5;32m[AndroidUiautomator2Driver@ac34 (272f0567)]&amp#27;[0m Matched '/element/00000000-0000-0050-ffff-ffff00000059/click' to command name 'click'
[debug] &amp#27;[38;5;32m[AndroidUiautomator2Driver@ac34 (272f0567)]&amp#27;[0m Proxying [POST /element/00000000-0000-0050-ffff-ffff00000059/click] to [POST http://127.0.0.1:8201/session/3fe38e8e-7e58-4dfa-9136-fcc54c275211/element/00000000-0000-0050-ffff-ffff00000059/click] with body: {"element":"00000000-0000-0050-ffff-ffff00000059"}
[debug] &amp#27;[38;5;32m[AndroidUiautomator2Driver@ac34 (272f0567)]&amp#27;[0m Got response with status 200: {"sessionId":"3fe38e8e-7e58-4dfa-9136-fcc54c275211","value":null}
[debug] &amp#27;[38;5;32m[AndroidUiautomator2Driver@ac34 (272f0567)]&amp#27;[0m Responding to client with driver.click() result: null
&amp#27;[38;5;0m[HTTP]&amp#27;[0m &amp#27;[37m<-- POST /session/272f0567-3958-4807-b49e-f8acda1339e6/element/00000000-0000-0050-ffff-ffff00000059/click &amp#27;[39m&amp#27;[32m200&amp#27;[39m &amp#27;[90m577 ms - 14&amp#27;[39m
&amp#27;[38;5;0m[HTTP]&amp#27;[0m &amp#27;[90m&amp#27;[39m
&amp#27;[38;5;0m[HTTP]&amp#27;[0m &amp#27;[37m-->&amp#27;[39m &amp#27;[37mPOST&amp#27;[39m &amp#27;[37m/session/272f0567-3958-4807-b49e-f8acda1339e6/elements&amp#27;[39m
&amp#27;[38;5;0m[HTTP]&amp#27;[0m &amp#27;[90m{"using":"id","value":"com.androidsample.generalstore:id/productName"}&amp#27;[39m
[debug] &amp#27;[38;5;32m[AndroidUiautomator2Driver@ac34 (272f0567)]&amp#27;[0m Calling AppiumDriver.findElements() with args: ["id","com.androidsample.generalstore:id/productName","272f0567-3958-4807-b49e-f8acda1339e6"]
[debug] &amp#27;[38;5;32m[AndroidUiautomator2Driver@ac34 (272f0567)]&amp#27;[0m Valid locator strategies for this request: xpath, id, class name, accessibility id, css selector, -android uiautomator
[debug] &amp#27;[38;5;32m[AndroidUiautomator2Driver@ac34 (272f0567)]&amp#27;[0m Waiting up to 10000 ms for condition
[debug] &amp#27;[38;5;32m[AndroidUiautomator2Driver@ac34 (272f0567)]&amp#27;[0m Matched '/elements' to command name 'findElements'
[debug] &amp#27;[38;5;32m[AndroidUiautomator2Driver@ac34 (272f0567)]&amp#27;[0m Proxying [POST /elements] to [POST http://127.0.0.1:8201/session/3fe38e8e-7e58-4dfa-9136-fcc54c275211/elements] with body: {"strategy":"id","selector":"com.androidsample.generalstore:id/productName","context":"","multiple":true}
[debug] &amp#27;[38;5;32m[AndroidUiautomator2Driver@ac34 (272f0567)]&amp#27;[0m Got response with status 200: {"sessionId":"3fe38e8e-7e58-4dfa-9136-fcc54c275211","value":[{"ELEMENT":"00000000-0000-0050-ffff-ffff00000055","element-6066-11e4-a52e-4f735466cecf":"00000000-0000-0050-ffff-ffff00000055"},{"ELEMENT":"00000000-0000-0050-ffff-ffff0000005d","element-6066-11e4-a52e-4f735466cecf":"00000000-0000-0050-ffff-ffff0000005d"}]}
[debug] &amp#27;[38;5;32m[AndroidUiautomator2Driver@ac34 (272f0567)]&amp#27;[0m Responding to client with driver.findElements() result: [{"element-6066-11e4-a52e-4f735466cecf":"00000000-0000-0050-ffff-ffff00000055","ELEMENT":"00000000-0000-0050-ffff-ffff00000055"},{"element-6066-11e4-a52e-4f735466cecf":"00000000-0000-0050-ffff-ffff0000005d","ELEMENT":"00000000-0000-0050-ffff-ffff0000005d"}]
&amp#27;[38;5;0m[HTTP]&amp#27;[0m &amp#27;[37m<-- POST /session/272f0567-3958-4807-b49e-f8acda1339e6/elements &amp#27;[39m&amp#27;[32m200&amp#27;[39m &amp#27;[90m34 ms - 267&amp#27;[39m
&amp#27;[38;5;0m[HTTP]&amp#27;[0m &amp#27;[90m&amp#27;[39m
&amp#27;[38;5;0m[HTTP]&amp#27;[0m &amp#27;[37m-->&amp#27;[39m &amp#27;[37mGET&amp#27;[39m &amp#27;[37m/session/272f0567-3958-4807-b49e-f8acda1339e6/element/00000000-0000-0050-ffff-ffff0000005d/text&amp#27;[39m
&amp#27;[38;5;0m[HTTP]&amp#27;[0m &amp#27;[90m{}&amp#27;[39m
&amp#27;[38;5;32m[AndroidUiautomator2Driver@ac34 (272f0567)]&amp#27;[0m Driver proxy active, passing request on via HTTP proxy
[debug] &amp#27;[38;5;32m[AndroidUiautomator2Driver@ac34 (272f0567)]&amp#27;[0m Matched '/session/272f0567-3958-4807-b49e-f8acda1339e6/element/00000000-0000-0050-ffff-ffff0000005d/text' to command name 'getText'
[debug] &amp#27;[38;5;32m[AndroidUiautomator2Driver@ac34 (272f0567)]&amp#27;[0m Proxying [GET /session/272f0567-3958-4807-b49e-f8acda1339e6/element/00000000-0000-0050-ffff-ffff0000005d/text] to [GET http://127.0.0.1:8201/session/3fe38e8e-7e58-4dfa-9136-fcc54c275211/element/00000000-0000-0050-ffff-ffff0000005d/text] with no body
[debug] &amp#27;[38;5;32m[AndroidUiautomator2Driver@ac34 (272f0567)]&amp#27;[0m Got response with status 200: {"sessionId":"3fe38e8e-7e58-4dfa-9136-fcc54c275211","value":"Nike SFB Jungle"}
&amp#27;[38;5;32m[AndroidUiautomator2Driver@ac34 (272f0567)]&amp#27;[0m Replacing sessionId 3fe38e8e-7e58-4dfa-9136-fcc54c275211 with 272f0567-3958-4807-b49e-f8acda1339e6
&amp#27;[38;5;0m[HTTP]&amp#27;[0m &amp#27;[37m<-- GET /session/272f0567-3958-4807-b49e-f8acda1339e6/element/00000000-0000-0050-ffff-ffff0000005d/text &amp#27;[39m&amp#27;[32m200&amp#27;[39m &amp#27;[90m19 ms - 78&amp#27;[39m
&amp#27;[38;5;0m[HTTP]&amp#27;[0m &amp#27;[90m&amp#27;[39m
&amp#27;[38;5;0m[HTTP]&amp#27;[0m &amp#27;[37m-->&amp#27;[39m &amp#27;[37mPOST&amp#27;[39m &amp#27;[37m/session/272f0567-3958-4807-b49e-f8acda1339e6/element&amp#27;[39m
&amp#27;[38;5;0m[HTTP]&amp#27;[0m &amp#27;[90m{"using":"id","value":"com.androidsample.generalstore:id/appbar_btn_cart"}&amp#27;[39m
[debug] &amp#27;[38;5;32m[AndroidUiautomator2Driver@ac34 (272f0567)]&amp#27;[0m Calling AppiumDriver.findElement() with args: ["id","com.androidsample.generalstore:id/appbar_btn_cart","272f0567-3958-4807-b49e-f8acda1339e6"]
[debug] &amp#27;[38;5;32m[AndroidUiautomator2Driver@ac34 (272f0567)]&amp#27;[0m Valid locator strategies for this request: xpath, id, class name, accessibility id, css selector, -android uiautomator
[debug] &amp#27;[38;5;32m[AndroidUiautomator2Driver@ac34 (272f0567)]&amp#27;[0m Waiting up to 10000 ms for condition
[debug] &amp#27;[38;5;32m[AndroidUiautomator2Driver@ac34 (272f0567)]&amp#27;[0m Matched '/element' to command name 'findElement'
[debug] &amp#27;[38;5;32m[AndroidUiautomator2Driver@ac34 (272f0567)]&amp#27;[0m Proxying [POST /element] to [POST http://127.0.0.1:8201/session/3fe38e8e-7e58-4dfa-9136-fcc54c275211/element] with body: {"strategy":"id","selector":"com.androidsample.generalstore:id/appbar_btn_cart","context":"","multiple":false}
[debug] &amp#27;[38;5;32m[AndroidUiautomator2Driver@ac34 (272f0567)]&amp#27;[0m Got response with status 200: {"sessionId":"3fe38e8e-7e58-4dfa-9136-fcc54c275211","value":{"ELEMENT":"00000000-0000-0050-ffff-ffff00000044","element-6066-11e4-a52e-4f735466cecf":"00000000-0000-0050-ffff-ffff00000044"}}
[debug] &amp#27;[38;5;32m[AndroidUiautomator2Driver@ac34 (272f0567)]&amp#27;[0m Responding to client with driver.findElement() result: {"element-6066-11e4-a52e-4f735466cecf":"00000000-0000-0050-ffff-ffff00000044","ELEMENT":"00000000-0000-0050-ffff-ffff00000044"}
&amp#27;[38;5;0m[HTTP]&amp#27;[0m &amp#27;[37m<-- POST /session/272f0567-3958-4807-b49e-f8acda1339e6/element &amp#27;[39m&amp#27;[32m200&amp#27;[39m &amp#27;[90m24 ms - 137&amp#27;[39m
&amp#27;[38;5;0m[HTTP]&amp#27;[0m &amp#27;[90m&amp#27;[39m
&amp#27;[38;5;0m[HTTP]&amp#27;[0m &amp#27;[37m-->&amp#27;[39m &amp#27;[37mPOST&amp#27;[39m &amp#27;[37m/session/272f0567-3958-4807-b49e-f8acda1339e6/element/00000000-0000-0050-ffff-ffff00000044/click&amp#27;[39m
&amp#27;[38;5;0m[HTTP]&amp#27;[0m &amp#27;[90m{"id":"00000000-0000-0050-ffff-ffff00000044"}&amp#27;[39m
[debug] &amp#27;[38;5;32m[AndroidUiautomator2Driver@ac34 (272f0567)]&amp#27;[0m Calling AppiumDriver.click() with args: ["00000000-0000-0050-ffff-ffff00000044","272f0567-3958-4807-b49e-f8acda1339e6"]
[debug] &amp#27;[38;5;32m[AndroidUiautomator2Driver@ac34 (272f0567)]&amp#27;[0m Matched '/element/00000000-0000-0050-ffff-ffff00000044/click' to command name 'click'
[debug] &amp#27;[38;5;32m[AndroidUiautomator2Driver@ac34 (272f0567)]&amp#27;[0m Proxying [POST /element/00000000-0000-0050-ffff-ffff00000044/click] to [POST http://127.0.0.1:8201/session/3fe38e8e-7e58-4dfa-9136-fcc54c275211/element/00000000-0000-0050-ffff-ffff00000044/click] with body: {"element":"00000000-0000-0050-ffff-ffff00000044"}
[debug] &amp#27;[38;5;32m[AndroidUiautomator2Driver@ac34 (272f0567)]&amp#27;[0m Got response with status 200: {"sessionId":"3fe38e8e-7e58-4dfa-9136-fcc54c275211","value":null}
[debug] &amp#27;[38;5;32m[AndroidUiautomator2Driver@ac34 (272f0567)]&amp#27;[0m Responding to client with driver.click() result: null
&amp#27;[38;5;0m[HTTP]&amp#27;[0m &amp#27;[37m<-- POST /session/272f0567-3958-4807-b49e-f8acda1339e6/element/00000000-0000-0050-ffff-ffff00000044/click &amp#27;[39m&amp#27;[32m200&amp#27;[39m &amp#27;[90m71 ms - 14&amp#27;[39m
&amp#27;[38;5;0m[HTTP]&amp#27;[0m &amp#27;[90m&amp#27;[39m
&amp#27;[38;5;0m[HTTP]&amp#27;[0m &amp#27;[37m-->&amp#27;[39m &amp#27;[37mPOST&amp#27;[39m &amp#27;[37m/session/272f0567-3958-4807-b49e-f8acda1339e6/element&amp#27;[39m
&amp#27;[38;5;0m[HTTP]&amp#27;[0m &amp#27;[90m{"using":"id","value":"com.androidsample.generalstore:id/toolbar_title"}&amp#27;[39m
[debug] &amp#27;[38;5;32m[AndroidUiautomator2Driver@ac34 (272f0567)]&amp#27;[0m Calling AppiumDriver.findElement() with args: ["id","com.androidsample.generalstore:id/toolbar_title","272f0567-3958-4807-b49e-f8acda1339e6"]
[debug] &amp#27;[38;5;32m[AndroidUiautomator2Driver@ac34 (272f0567)]&amp#27;[0m Valid locator strategies for this request: xpath, id, class name, accessibility id, css selector, -android uiautomator
[debug] &amp#27;[38;5;32m[AndroidUiautomator2Driver@ac34 (272f0567)]&amp#27;[0m Waiting up to 10000 ms for condition
[debug] &amp#27;[38;5;32m[AndroidUiautomator2Driver@ac34 (272f0567)]&amp#27;[0m Matched '/element' to command name 'findElement'
[debug] &amp#27;[38;5;32m[AndroidUiautomator2Driver@ac34 (272f0567)]&amp#27;[0m Proxying [POST /element] to [POST http://127.0.0.1:8201/session/3fe38e8e-7e58-4dfa-9136-fcc54c275211/element] with body: {"strategy":"id","selector":"com.androidsample.generalstore:id/toolbar_title","context":"","multiple":false}
[debug] &amp#27;[38;5;32m[AndroidUiautomator2Driver@ac34 (272f0567)]&amp#27;[0m Got response with status 200: {"sessionId":"3fe38e8e-7e58-4dfa-9136-fcc54c275211","value":{"ELEMENT":"00000000-0000-0051-ffff-ffff0000008f","element-6066-11e4-a52e-4f735466cecf":"00000000-0000-0051-ffff-ffff0000008f"}}
[debug] &amp#27;[38;5;32m[AndroidUiautomator2Driver@ac34 (272f0567)]&amp#27;[0m Responding to client with driver.findElement() result: {"element-6066-11e4-a52e-4f735466cecf":"00000000-0000-0051-ffff-ffff0000008f","ELEMENT":"00000000-0000-0051-ffff-ffff0000008f"}
&amp#27;[38;5;0m[HTTP]&amp#27;[0m &amp#27;[37m<-- POST /session/272f0567-3958-4807-b49e-f8acda1339e6/element &amp#27;[39m&amp#27;[32m200&amp#27;[39m &amp#27;[90m18 ms - 137&amp#27;[39m
&amp#27;[38;5;0m[HTTP]&amp#27;[0m &amp#27;[90m&amp#27;[39m
&amp#27;[38;5;0m[HTTP]&amp#27;[0m &amp#27;[37m-->&amp#27;[39m &amp#27;[37mGET&amp#27;[39m &amp#27;[37m/session/272f0567-3958-4807-b49e-f8acda1339e6/element/00000000-0000-0051-ffff-ffff0000008f/attribute/text&amp#27;[39m
&amp#27;[38;5;0m[HTTP]&amp#27;[0m &amp#27;[90m{}&amp#27;[39m
[debug] &amp#27;[38;5;32m[AndroidUiautomator2Driver@ac34 (272f0567)]&amp#27;[0m Calling AppiumDriver.getAttribute() with args: ["text","00000000-0000-0051-ffff-ffff0000008f","272f0567-3958-4807-b49e-f8acda1339e6"]
[debug] &amp#27;[38;5;32m[AndroidUiautomator2Driver@ac34 (272f0567)]&amp#27;[0m Matched '/element/00000000-0000-0051-ffff-ffff0000008f/attribute/text' to command name 'getAttribute'
[debug] &amp#27;[38;5;32m[AndroidUiautomator2Driver@ac34 (272f0567)]&amp#27;[0m Proxying [GET /element/00000000-0000-0051-ffff-ffff0000008f/attribute/text] to [GET http://127.0.0.1:8201/session/3fe38e8e-7e58-4dfa-9136-fcc54c275211/element/00000000-0000-0051-ffff-ffff0000008f/attribute/text] with no body
[debug] &amp#27;[38;5;32m[AndroidUiautomator2Driver@ac34 (272f0567)]&amp#27;[0m Got response with status 200: {"sessionId":"3fe38e8e-7e58-4dfa-9136-fcc54c275211","value":"Cart"}
[debug] &amp#27;[38;5;32m[AndroidUiautomator2Driver@ac34 (272f0567)]&amp#27;[0m Responding to client with driver.getAttribute() result: "Cart"
&amp#27;[38;5;0m[HTTP]&amp#27;[0m &amp#27;[37m<-- GET /session/272f0567-3958-4807-b49e-f8acda1339e6/element/00000000-0000-0051-ffff-ffff0000008f/attribute/text &amp#27;[39m&amp#27;[32m200&amp#27;[39m &amp#27;[90m16 ms - 16&amp#27;[39m
&amp#27;[38;5;0m[HTTP]&amp#27;[0m &amp#27;[90m&amp#27;[39m
&amp#27;[38;5;0m[HTTP]&amp#27;[0m &amp#27;[37m-->&amp#27;[39m &amp#27;[37mPOST&amp#27;[39m &amp#27;[37m/session/272f0567-3958-4807-b49e-f8acda1339e6/element&amp#27;[39m
&amp#27;[38;5;0m[HTTP]&amp#27;[0m &amp#27;[90m{"using":"id","value":"com.androidsample.generalstore:id/productName"}&amp#27;[39m
[debug] &amp#27;[38;5;32m[AndroidUiautomator2Driver@ac34 (272f0567)]&amp#27;[0m Calling AppiumDriver.findElement() with args: ["id","com.androidsample.generalstore:id/productName","272f0567-3958-4807-b49e-f8acda1339e6"]
[debug] &amp#27;[38;5;32m[AndroidUiautomator2Driver@ac34 (272f0567)]&amp#27;[0m Valid locator strategies for this request: xpath, id, class name, accessibility id, css selector, -android uiautomator
[debug] &amp#27;[38;5;32m[AndroidUiautomator2Driver@ac34 (272f0567)]&amp#27;[0m Waiting up to 10000 ms for condition
[debug] &amp#27;[38;5;32m[AndroidUiautomator2Driver@ac34 (272f0567)]&amp#27;[0m Matched '/element' to command name 'findElement'
[debug] &amp#27;[38;5;32m[AndroidUiautomator2Driver@ac34 (272f0567)]&amp#27;[0m Proxying [POST /element] to [POST http://127.0.0.1:8201/session/3fe38e8e-7e58-4dfa-9136-fcc54c275211/element] with body: {"strategy":"id","selector":"com.androidsample.generalstore:id/productName","context":"","multiple":false}
[debug] &amp#27;[38;5;32m[AndroidUiautomator2Driver@ac34 (272f0567)]&amp#27;[0m Got response with status 200: {"sessionId":"3fe38e8e-7e58-4dfa-9136-fcc54c275211","value":{"ELEMENT":"00000000-0000-0051-ffff-ffff000000a3","element-6066-11e4-a52e-4f735466cecf":"00000000-0000-0051-ffff-ffff000000a3"}}
[debug] &amp#27;[38;5;32m[AndroidUiautomator2Driver@ac34 (272f0567)]&amp#27;[0m Responding to client with driver.findElement() result: {"element-6066-11e4-a52e-4f735466cecf":"00000000-0000-0051-ffff-ffff000000a3","ELEMENT":"00000000-0000-0051-ffff-ffff000000a3"}
&amp#27;[38;5;0m[HTTP]&amp#27;[0m &amp#27;[37m<-- POST /session/272f0567-3958-4807-b49e-f8acda1339e6/element &amp#27;[39m&amp#27;[32m200&amp#27;[39m &amp#27;[90m15 ms - 137&amp#27;[39m
&amp#27;[38;5;0m[HTTP]&amp#27;[0m &amp#27;[90m&amp#27;[39m
&amp#27;[38;5;0m[HTTP]&amp#27;[0m &amp#27;[37m-->&amp#27;[39m &amp#27;[37mGET&amp#27;[39m &amp#27;[37m/session/272f0567-3958-4807-b49e-f8acda1339e6/element/00000000-0000-0051-ffff-ffff000000a3/text&amp#27;[39m
&amp#27;[38;5;0m[HTTP]&amp#27;[0m &amp#27;[90m{}&amp#27;[39m
&amp#27;[38;5;32m[AndroidUiautomator2Driver@ac34 (272f0567)]&amp#27;[0m Driver proxy active, passing request on via HTTP proxy
[debug] &amp#27;[38;5;32m[AndroidUiautomator2Driver@ac34 (272f0567)]&amp#27;[0m Matched '/session/272f0567-3958-4807-b49e-f8acda1339e6/element/00000000-0000-0051-ffff-ffff000000a3/text' to command name 'getText'
[debug] &amp#27;[38;5;32m[AndroidUiautomator2Driver@ac34 (272f0567)]&amp#27;[0m Proxying [GET /session/272f0567-3958-4807-b49e-f8acda1339e6/element/00000000-0000-0051-ffff-ffff000000a3/text] to [GET http://127.0.0.1:8201/session/3fe38e8e-7e58-4dfa-9136-fcc54c275211/element/00000000-0000-0051-ffff-ffff000000a3/text] with no body
[debug] &amp#27;[38;5;32m[AndroidUiautomator2Driver@ac34 (272f0567)]&amp#27;[0m Got response with status 200: {"sessionId":"3fe38e8e-7e58-4dfa-9136-fcc54c275211","value":"PG 3"}
&amp#27;[38;5;32m[AndroidUiautomator2Driver@ac34 (272f0567)]&amp#27;[0m Replacing sessionId 3fe38e8e-7e58-4dfa-9136-fcc54c275211 with 272f0567-3958-4807-b49e-f8acda1339e6
&amp#27;[38;5;0m[HTTP]&amp#27;[0m &amp#27;[37m<-- GET /session/272f0567-3958-4807-b49e-f8acda1339e6/element/00000000-0000-0051-ffff-ffff000000a3/text &amp#27;[39m&amp#27;[32m200&amp#27;[39m &amp#27;[90m11 ms - 67&amp#27;[39m
&amp#27;[38;5;0m[HTTP]&amp#27;[0m &amp#27;[90m&amp#27;[39m
]]></system-out>
    <system-err><![CDATA[SLF4J: No SLF4J providers were found.
SLF4J: Defaulting to no-operation (NOP) logger implementation
SLF4J: See https://www.slf4j.org/codes.html#noProviders for further details.
]]></system-err>
  </testcase>
</testsuite>