<?xml version="1.0" encoding="UTF-8"?>
<testng-results ignored="0" total="1" passed="1" failed="0" skipped="0">
  <reporter-output>
  </reporter-output>
  <suite started-at="2023-07-07T11:23:49Z" name="Default suite" finished-at="2023-07-07T11:23:50Z" duration-ms="1258">
    <groups>
    </groups>
    <test started-at="2023-07-07T11:23:49Z" name="Default test" finished-at="2023-07-07T11:23:50Z" duration-ms="1258">
      <class name="ExtentReport.ExtentReport">
        <test-method is-config="true" signature="report()[pri:0, instance:ExtentReport.ExtentReport@132e0cc]" started-at="2023-07-07T11:23:49Z" name="report" finished-at="2023-07-07T11:23:50Z" duration-ms="517" status="PASS">
          <reporter-output>
          </reporter-output>
        </test-method> <!-- report -->
        <test-method signature="Test1()[pri:0, instance:ExtentReport.ExtentReport@132e0cc]" started-at="2023-07-07T11:23:50Z" name="Test1" finished-at="2023-07-07T11:23:50Z" duration-ms="681" status="PASS">
          <reporter-output>
          </reporter-output>
        </test-method> <!-- Test1 -->
      </class> <!-- ExtentReport.ExtentReport -->
    </test> <!-- Default test -->
  </suite> <!-- Default suite -->
</testng-results>
